
> nobre-hub@2.0.0 build
> tsc -b && vite build

src/features/pos-vendas/services/PostSalesDistributionService.ts(302,23): error TS2769: No overload matches this call.
  Overload 1 of 2, '(relation: "users" | "leads" | "products" | "loss_reasons" | "pipeline_stages" | "conversations" | "messages" | "projects" | "team_chat_channels" | "goals" | "lead_activities" | "project_checklist_items" | "revision_history" | "team_chat_messages"): PostgrestQueryBuilder<...>', gave the following error.
    Argument of type '"production_projects"' is not assignable to parameter of type '"users" | "leads" | "products" | "loss_reasons" | "pipeline_stages" | "conversations" | "messages" | "projects" | "team_chat_channels" | "goals" | "lead_activities" | "project_checklist_items" | "revision_history" | "team_chat_messages"'.
  Overload 2 of 2, '(relation: never): PostgrestQueryBuilder<{ PostgrestVersion: "14.1"; }, { Tables: { conversations: { Row: { assigned_to: string | null; channel: string | null; company: string | null; context: string | null; ... 17 more ...; updated_at: string | null; }; Insert: { ...; }; Update: { ...; }; Relationships: [...]; }; ... 12 more ...; users: { ...; }; }; Views: {}; Functions: { ...; }; Enums: {}; CompositeTypes: {}; }, never, never, never>', gave the following error.
    Argument of type '"production_projects"' is not assignable to parameter of type 'never'.
src/features/pos-vendas/services/PostSalesDistributionService.ts(370,23): error TS2769: No overload matches this call.
  Overload 1 of 2, '(relation: "users" | "leads" | "products" | "loss_reasons" | "pipeline_stages" | "conversations" | "messages" | "projects" | "team_chat_channels" | "goals" | "lead_activities" | "project_checklist_items" | "revision_history" | "team_chat_messages"): PostgrestQueryBuilder<...>', gave the following error.
    Argument of type '"production_projects"' is not assignable to parameter of type '"users" | "leads" | "products" | "loss_reasons" | "pipeline_stages" | "conversations" | "messages" | "projects" | "team_chat_channels" | "goals" | "lead_activities" | "project_checklist_items" | "revision_history" | "team_chat_messages"'.
  Overload 2 of 2, '(relation: never): PostgrestQueryBuilder<{ PostgrestVersion: "14.1"; }, { Tables: { conversations: { Row: { assigned_to: string | null; channel: string | null; company: string | null; context: string | null; ... 17 more ...; updated_at: string | null; }; Insert: { ...; }; Update: { ...; }; Relationships: [...]; }; ... 12 more ...; users: { ...; }; }; Views: {}; Functions: { ...; }; Enums: {}; CompositeTypes: {}; }, never, never, never>', gave the following error.
    Argument of type '"production_projects"' is not assignable to parameter of type 'never'.
src/features/pos-vendas/services/PostSalesDistributionService.ts(393,27): error TS2769: No overload matches this call.
  Overload 1 of 2, '(relation: "users" | "leads" | "products" | "loss_reasons" | "pipeline_stages" | "conversations" | "messages" | "projects" | "team_chat_channels" | "goals" | "lead_activities" | "project_checklist_items" | "revision_history" | "team_chat_messages"): PostgrestQueryBuilder<...>', gave the following error.
    Argument of type '"production_projects"' is not assignable to parameter of type '"users" | "leads" | "products" | "loss_reasons" | "pipeline_stages" | "conversations" | "messages" | "projects" | "team_chat_channels" | "goals" | "lead_activities" | "project_checklist_items" | "revision_history" | "team_chat_messages"'.
  Overload 2 of 2, '(relation: never): PostgrestQueryBuilder<{ PostgrestVersion: "14.1"; }, { Tables: { conversations: { Row: { assigned_to: string | null; channel: string | null; company: string | null; context: string | null; ... 17 more ...; updated_at: string | null; }; Insert: { ...; }; Update: { ...; }; Relationships: [...]; }; ... 12 more ...; users: { ...; }; }; Views: {}; Functions: { ...; }; Enums: {}; CompositeTypes: {}; }, never, never, never>', gave the following error.
    Argument of type '"production_projects"' is not assignable to parameter of type 'never'.
src/features/pos-vendas/services/PostSalesDistributionService.ts(449,20): error TS2352: Conversion of type '{ id: string; createdAt: Date; updatedAt: Date; dealClosedAt: Date | undefined; client_status: string | null; company: string | null; completed_at: string | null; ... 26 more ...; updated_at: string | null; }[]' to type 'Lead[]' may be a mistake because neither type sufficiently overlaps with the other. If this was intentional, convert the expression to 'unknown' first.
  Type '{ id: string; createdAt: Date; updatedAt: Date; dealClosedAt: Date | undefined; client_status: string | null; company: string | null; completed_at: string | null; ... 26 more ...; updated_at: string | null; }' is missing the following properties from type 'Lead': status, responsibleId
src/features/pos-vendas/services/PostSalesDistributionService.ts(452,37): error TS2769: No overload matches this call.
  Overload 1 of 4, '(value: string | number | Date): Date', gave the following error.
    Argument of type 'string | null' is not assignable to parameter of type 'string | number | Date'.
      Type 'null' is not assignable to type 'string | number | Date'.
  Overload 2 of 4, '(value: string | number): Date', gave the following error.
    Argument of type 'string | null' is not assignable to parameter of type 'string | number'.
      Type 'null' is not assignable to type 'string | number'.
src/features/pos-vendas/services/PostSalesDistributionService.ts(453,37): error TS2769: No overload matches this call.
  Overload 1 of 4, '(value: string | number | Date): Date', gave the following error.
    Argument of type 'string | null' is not assignable to parameter of type 'string | number | Date'.
      Type 'null' is not assignable to type 'string | number | Date'.
  Overload 2 of 4, '(value: string | number): Date', gave the following error.
    Argument of type 'string | null' is not assignable to parameter of type 'string | number'.
      Type 'null' is not assignable to type 'string | number'.
src/features/pos-vendas/services/PostSalesDistributionService.ts(474,33): error TS2352: Conversion of type '{ id: string; createdAt: Date; updatedAt: Date; dealClosedAt: Date | undefined; client_status: string | null; company: string | null; completed_at: string | null; ... 26 more ...; updated_at: string | null; }[]' to type 'Lead[]' may be a mistake because neither type sufficiently overlaps with the other. If this was intentional, convert the expression to 'unknown' first.
  Type '{ id: string; createdAt: Date; updatedAt: Date; dealClosedAt: Date | undefined; client_status: string | null; company: string | null; completed_at: string | null; ... 26 more ...; updated_at: string | null; }' is missing the following properties from type 'Lead': status, responsibleId
src/features/pos-vendas/services/PostSalesDistributionService.ts(477,41): error TS2769: No overload matches this call.
  Overload 1 of 4, '(value: string | number | Date): Date', gave the following error.
    Argument of type 'string | null' is not assignable to parameter of type 'string | number | Date'.
      Type 'null' is not assignable to type 'string | number | Date'.
  Overload 2 of 4, '(value: string | number): Date', gave the following error.
    Argument of type 'string | null' is not assignable to parameter of type 'string | number'.
      Type 'null' is not assignable to type 'string | number'.
src/features/pos-vendas/services/PostSalesDistributionService.ts(478,41): error TS2769: No overload matches this call.
  Overload 1 of 4, '(value: string | number | Date): Date', gave the following error.
    Argument of type 'string | null' is not assignable to parameter of type 'string | number | Date'.
      Type 'null' is not assignable to type 'string | number | Date'.
  Overload 2 of 4, '(value: string | number): Date', gave the following error.
    Argument of type 'string | null' is not assignable to parameter of type 'string | number'.
      Type 'null' is not assignable to type 'string | number'.
src/features/pos-vendas/services/PostSalesDistributionService.ts(526,23): error TS2769: No overload matches this call.
  Overload 1 of 2, '(relation: "users" | "leads" | "products" | "loss_reasons" | "pipeline_stages" | "conversations" | "messages" | "projects" | "team_chat_channels" | "goals" | "lead_activities" | "project_checklist_items" | "revision_history" | "team_chat_messages"): PostgrestQueryBuilder<...>', gave the following error.
    Argument of type '"production_projects"' is not assignable to parameter of type '"users" | "leads" | "products" | "loss_reasons" | "pipeline_stages" | "conversations" | "messages" | "projects" | "team_chat_channels" | "goals" | "lead_activities" | "project_checklist_items" | "revision_history" | "team_chat_messages"'.
  Overload 2 of 2, '(relation: never): PostgrestQueryBuilder<{ PostgrestVersion: "14.1"; }, { Tables: { conversations: { Row: { assigned_to: string | null; channel: string | null; company: string | null; context: string | null; ... 17 more ...; updated_at: string | null; }; Insert: { ...; }; Update: { ...; }; Relationships: [...]; }; ... 12 more ...; users: { ...; }; }; Views: {}; Functions: { ...; }; Enums: {}; CompositeTypes: {}; }, never, never, never>', gave the following error.
    Argument of type '"production_projects"' is not assignable to parameter of type 'never'.
src/features/pos-vendas/services/PostSalesDistributionService.ts(533,64): error TS2339: Property 'client_revision_count' does not exist on type 'SelectQueryError<"column 'client_revision_count' does not exist on 'users'."> | SelectQueryError<"column 'client_revision_count' does not exist on 'leads'."> | ... 11 more ... | SelectQueryError<...>'.
  Property 'client_revision_count' does not exist on type 'SelectQueryError<"column 'client_revision_count' does not exist on 'users'.">'.
src/features/pos-vendas/services/PostSalesDistributionService.ts(534,58): error TS2339: Property 'revision_count' does not exist on type 'SelectQueryError<"column 'client_revision_count' does not exist on 'users'."> | SelectQueryError<"column 'client_revision_count' does not exist on 'leads'."> | ... 11 more ... | SelectQueryError<...>'.
  Property 'revision_count' does not exist on type 'SelectQueryError<"column 'client_revision_count' does not exist on 'users'.">'.
src/features/pos-vendas/services/PostSalesDistributionService.ts(535,46): error TS2339: Property 'revision_history' does not exist on type 'SelectQueryError<"column 'client_revision_count' does not exist on 'users'."> | SelectQueryError<"column 'client_revision_count' does not exist on 'leads'."> | ... 11 more ... | SelectQueryError<...>'.
  Property 'revision_history' does not exist on type 'SelectQueryError<"column 'client_revision_count' does not exist on 'users'.">'.
src/features/pos-vendas/services/PostSalesDistributionService.ts(538,23): error TS2769: No overload matches this call.
  Overload 1 of 2, '(relation: "users" | "leads" | "products" | "loss_reasons" | "pipeline_stages" | "conversations" | "messages" | "projects" | "team_chat_channels" | "goals" | "lead_activities" | "project_checklist_items" | "revision_history" | "team_chat_messages"): PostgrestQueryBuilder<...>', gave the following error.
    Argument of type '"production_projects"' is not assignable to parameter of type '"users" | "leads" | "products" | "loss_reasons" | "pipeline_stages" | "conversations" | "messages" | "projects" | "team_chat_channels" | "goals" | "lead_activities" | "project_checklist_items" | "revision_history" | "team_chat_messages"'.
  Overload 2 of 2, '(relation: never): PostgrestQueryBuilder<{ PostgrestVersion: "14.1"; }, { Tables: { conversations: { Row: { assigned_to: string | null; channel: string | null; company: string | null; context: string | null; ... 17 more ...; updated_at: string | null; }; Insert: { ...; }; Update: { ...; }; Relationships: [...]; }; ... 12 more ...; users: { ...; }; }; Views: {}; Functions: { ...; }; Enums: {}; CompositeTypes: {}; }, never, never, never>', gave the following error.
    Argument of type '"production_projects"' is not assignable to parameter of type 'never'.
src/features/pos-vendas/services/PostSalesDistributionService.ts(585,23): error TS2769: No overload matches this call.
  Overload 1 of 2, '(relation: "users" | "leads" | "products" | "loss_reasons" | "pipeline_stages" | "conversations" | "messages" | "projects" | "team_chat_channels" | "goals" | "lead_activities" | "project_checklist_items" | "revision_history" | "team_chat_messages"): PostgrestQueryBuilder<...>', gave the following error.
    Argument of type '"production_projects"' is not assignable to parameter of type '"users" | "leads" | "products" | "loss_reasons" | "pipeline_stages" | "conversations" | "messages" | "projects" | "team_chat_channels" | "goals" | "lead_activities" | "project_checklist_items" | "revision_history" | "team_chat_messages"'.
  Overload 2 of 2, '(relation: never): PostgrestQueryBuilder<{ PostgrestVersion: "14.1"; }, { Tables: { conversations: { Row: { assigned_to: string | null; channel: string | null; company: string | null; context: string | null; ... 17 more ...; updated_at: string | null; }; Insert: { ...; }; Update: { ...; }; Relationships: [...]; }; ... 12 more ...; users: { ...; }; }; Views: {}; Functions: { ...; }; Enums: {}; CompositeTypes: {}; }, never, never, never>', gave the following error.
    Argument of type '"production_projects"' is not assignable to parameter of type 'never'.
src/features/pos-vendas/services/PostSalesInboxService.ts(37,53): error TS2352: Conversion of type '{ id: string; updatedAt: number; createdAt: number; assignedTo: string | null; leadId: string | null; leadName: any; phoneNumber: any; context: string | null; status: string | null; postSalesId: string | null; ... 18 more ...; updated_at: string | null; }[]' to type 'Conversation[]' may be a mistake because neither type sufficiently overlaps with the other. If this was intentional, convert the expression to 'unknown' first.
  Type '{ id: string; updatedAt: number; createdAt: number; assignedTo: string | null; leadId: string | null; leadName: any; phoneNumber: any; context: string | null; status: string | null; postSalesId: string | null; ... 18 more ...; updated_at: string | null; }' is missing the following properties from type 'Conversation': leadPhone, unreadCount
src/features/pos-vendas/services/PostSalesInboxService.ts(40,41): error TS2769: No overload matches this call.
  Overload 1 of 4, '(value: string | number | Date): Date', gave the following error.
    Argument of type 'string | null' is not assignable to parameter of type 'string | number | Date'.
      Type 'null' is not assignable to type 'string | number | Date'.
  Overload 2 of 4, '(value: string | number): Date', gave the following error.
    Argument of type 'string | null' is not assignable to parameter of type 'string | number'.
      Type 'null' is not assignable to type 'string | number'.
src/features/pos-vendas/services/PostSalesInboxService.ts(41,41): error TS2769: No overload matches this call.
  Overload 1 of 4, '(value: string | number | Date): Date', gave the following error.
    Argument of type 'string | null' is not assignable to parameter of type 'string | number | Date'.
      Type 'null' is not assignable to type 'string | number | Date'.
  Overload 2 of 4, '(value: string | number): Date', gave the following error.
    Argument of type 'string | null' is not assignable to parameter of type 'string | number'.
      Type 'null' is not assignable to type 'string | number'.
src/features/pos-vendas/services/PostSalesInboxService.ts(44,35): error TS2339: Property 'lead_name' does not exist on type '{ assigned_to: string | null; channel: string | null; company: string | null; context: string | null; created_at: string | null; email: string | null; id: string; is_blocked: boolean | null; ... 13 more ...; updated_at: string | null; }'.
src/features/pos-vendas/services/PostSalesInboxService.ts(45,38): error TS2339: Property 'phone_number' does not exist on type '{ assigned_to: string | null; channel: string | null; company: string | null; context: string | null; created_at: string | null; email: string | null; id: string; is_blocked: boolean | null; ... 13 more ...; updated_at: string | null; }'.
src/features/settings/services/holidaysService.ts(59,19): error TS2769: No overload matches this call.
  Overload 1 of 2, '(relation: "users" | "leads" | "products" | "loss_reasons" | "pipeline_stages" | "conversations" | "messages" | "projects" | "team_chat_channels" | "goals" | "lead_activities" | "project_checklist_items" | "revision_history" | "team_chat_messages"): PostgrestQueryBuilder<...>', gave the following error.
    Argument of type '"holidays_config"' is not assignable to parameter of type '"users" | "leads" | "products" | "loss_reasons" | "pipeline_stages" | "conversations" | "messages" | "projects" | "team_chat_channels" | "goals" | "lead_activities" | "project_checklist_items" | "revision_history" | "team_chat_messages"'.
  Overload 2 of 2, '(relation: never): PostgrestQueryBuilder<{ PostgrestVersion: "14.1"; }, { Tables: { conversations: { Row: { assigned_to: string | null; channel: string | null; company: string | null; context: string | null; ... 17 more ...; updated_at: string | null; }; Insert: { ...; }; Update: { ...; }; Relationships: [...]; }; ... 12 more ...; users: { ...; }; }; Views: {}; Functions: { ...; }; Enums: {}; CompositeTypes: {}; }, never, never, never>', gave the following error.
    Argument of type '"holidays_config"' is not assignable to parameter of type 'never'.
src/features/settings/services/holidaysService.ts(70,22): error TS2339: Property 'custom_days_off' does not exist on type 'SelectQueryError<"column 'custom_days_off' does not exist on 'users'."> | SelectQueryError<"column 'custom_days_off' does not exist on 'leads'."> | ... 11 more ... | SelectQueryError<...>'.
  Property 'custom_days_off' does not exist on type 'SelectQueryError<"column 'custom_days_off' does not exist on 'users'.">'.
src/features/settings/services/holidaysService.ts(84,19): error TS2769: No overload matches this call.
  Overload 1 of 2, '(relation: "users" | "leads" | "products" | "loss_reasons" | "pipeline_stages" | "conversations" | "messages" | "projects" | "team_chat_channels" | "goals" | "lead_activities" | "project_checklist_items" | "revision_history" | "team_chat_messages"): PostgrestQueryBuilder<...>', gave the following error.
    Argument of type '"holidays_config"' is not assignable to parameter of type '"users" | "leads" | "products" | "loss_reasons" | "pipeline_stages" | "conversations" | "messages" | "projects" | "team_chat_channels" | "goals" | "lead_activities" | "project_checklist_items" | "revision_history" | "team_chat_messages"'.
  Overload 2 of 2, '(relation: never): PostgrestQueryBuilder<{ PostgrestVersion: "14.1"; }, { Tables: { conversations: { Row: { assigned_to: string | null; channel: string | null; company: string | null; context: string | null; ... 17 more ...; updated_at: string | null; }; Insert: { ...; }; Update: { ...; }; Relationships: [...]; }; ... 12 more ...; users: { ...; }; }; Views: {}; Functions: { ...; }; Enums: {}; CompositeTypes: {}; }, never, never, never>', gave the following error.
    Argument of type '"holidays_config"' is not assignable to parameter of type 'never'.
src/features/settings/services/holidaysService.ts(96,23): error TS2769: No overload matches this call.
  Overload 1 of 2, '(relation: "users" | "leads" | "products" | "loss_reasons" | "pipeline_stages" | "conversations" | "messages" | "projects" | "team_chat_channels" | "goals" | "lead_activities" | "project_checklist_items" | "revision_history" | "team_chat_messages"): PostgrestQueryBuilder<...>', gave the following error.
    Argument of type '"holidays_config"' is not assignable to parameter of type '"users" | "leads" | "products" | "loss_reasons" | "pipeline_stages" | "conversations" | "messages" | "projects" | "team_chat_channels" | "goals" | "lead_activities" | "project_checklist_items" | "revision_history" | "team_chat_messages"'.
  Overload 2 of 2, '(relation: never): PostgrestQueryBuilder<{ PostgrestVersion: "14.1"; }, { Tables: { conversations: { Row: { assigned_to: string | null; channel: string | null; company: string | null; context: string | null; ... 17 more ...; updated_at: string | null; }; Insert: { ...; }; Update: { ...; }; Relationships: [...]; }; ... 12 more ...; users: { ...; }; }; Views: {}; Functions: { ...; }; Enums: {}; CompositeTypes: {}; }, never, never, never>', gave the following error.
    Argument of type '"holidays_config"' is not assignable to parameter of type 'never'.
src/features/settings/services/holidaysService.ts(102,23): error TS2769: No overload matches this call.
  Overload 1 of 2, '(relation: "users" | "leads" | "products" | "loss_reasons" | "pipeline_stages" | "conversations" | "messages" | "projects" | "team_chat_channels" | "goals" | "lead_activities" | "project_checklist_items" | "revision_history" | "team_chat_messages"): PostgrestQueryBuilder<...>', gave the following error.
    Argument of type '"holidays_config"' is not assignable to parameter of type '"users" | "leads" | "products" | "loss_reasons" | "pipeline_stages" | "conversations" | "messages" | "projects" | "team_chat_channels" | "goals" | "lead_activities" | "project_checklist_items" | "revision_history" | "team_chat_messages"'.
  Overload 2 of 2, '(relation: never): PostgrestQueryBuilder<{ PostgrestVersion: "14.1"; }, { Tables: { conversations: { Row: { assigned_to: string | null; channel: string | null; company: string | null; context: string | null; ... 17 more ...; updated_at: string | null; }; Insert: { ...; }; Update: { ...; }; Relationships: [...]; }; ... 12 more ...; users: { ...; }; }; Views: {}; Functions: { ...; }; Enums: {}; CompositeTypes: {}; }, never, never, never>', gave the following error.
    Argument of type '"holidays_config"' is not assignable to parameter of type 'never'.
src/features/settings/services/holidaysService.ts(103,25): error TS2769: No overload matches this call.
  Overload 1 of 2, '(values: { assigned_to?: string | null | undefined; channel?: string | null | undefined; company?: string | null | undefined; context?: string | null | undefined; created_at?: string | null | undefined; ... 16 more ...; updated_at?: string | ... 1 more ... | undefined; } | ... 12 more ... | { ...; }, options?: { ...; } | undefined): PostgrestFilterBuilder<...>', gave the following error.
    Argument of type '{ custom_days_off: DayOff[]; updated_at: string; }' is not assignable to parameter of type '{ assigned_to?: string | null | undefined; channel?: string | null | undefined; company?: string | null | undefined; context?: string | null | undefined; created_at?: string | null | undefined; ... 16 more ...; updated_at?: string | ... 1 more ... | undefined; } | ... 12 more ... | { ...; }'.
      Type '{ custom_days_off: DayOff[]; updated_at: string; }' is missing the following properties from type '{ active?: boolean | null | undefined; avatar_url?: string | null | undefined; created_at?: string | null | undefined; department?: string | null | undefined; email: string; id?: string | undefined; name: string; phone?: string | ... 1 more ... | undefined; role: string; updated_at?: string | ... 1 more ... | undefi...': email, name, role
  Overload 2 of 2, '(values: ({ assigned_to?: string | null | undefined; channel?: string | null | undefined; company?: string | null | undefined; context?: string | null | undefined; created_at?: string | null | undefined; ... 16 more ...; updated_at?: string | ... 1 more ... | undefined; } | ... 12 more ... | { ...; })[], options?: { ...; } | undefined): PostgrestFilterBuilder<...>', gave the following error.
    Argument of type '{ custom_days_off: DayOff[]; updated_at: string; }' is not assignable to parameter of type '({ assigned_to?: string | null | undefined; channel?: string | null | undefined; company?: string | null | undefined; context?: string | null | undefined; created_at?: string | null | undefined; ... 16 more ...; updated_at?: string | ... 1 more ... | undefined; } | ... 12 more ... | { ...; })[]'.
      Type '{ custom_days_off: DayOff[]; updated_at: string; }' is missing the following properties from type '({ assigned_to?: string | null | undefined; channel?: string | null | undefined; company?: string | null | undefined; context?: string | null | undefined; created_at?: string | null | undefined; ... 16 more ...; updated_at?: string | ... 1 more ... | undefined; } | ... 12 more ... | { ...; })[]': length, pop, push, concat, and 28 more.
src/features/settings/services/OrganizationService.ts(16,23): error TS2769: No overload matches this call.
  Overload 1 of 2, '(relation: "users" | "leads" | "products" | "loss_reasons" | "pipeline_stages" | "conversations" | "messages" | "projects" | "team_chat_channels" | "goals" | "lead_activities" | "project_checklist_items" | "revision_history" | "team_chat_messages"): PostgrestQueryBuilder<...>', gave the following error.
    Argument of type '"organization_settings"' is not assignable to parameter of type '"users" | "leads" | "products" | "loss_reasons" | "pipeline_stages" | "conversations" | "messages" | "projects" | "team_chat_channels" | "goals" | "lead_activities" | "project_checklist_items" | "revision_history" | "team_chat_messages"'.
  Overload 2 of 2, '(relation: never): PostgrestQueryBuilder<{ PostgrestVersion: "14.1"; }, { Tables: { conversations: { Row: { assigned_to: string | null; channel: string | null; company: string | null; context: string | null; ... 17 more ...; updated_at: string | null; }; Insert: { ...; }; Update: { ...; }; Relationships: [...]; }; ... 12 more ...; users: { ...; }; }; Views: {}; Functions: { ...; }; Enums: {}; CompositeTypes: {}; }, never, never, never>', gave the following error.
    Argument of type '"organization_settings"' is not assignable to parameter of type 'never'.
src/features/settings/services/OrganizationService.ts(28,35): error TS2339: Property 'company_name' does not exist on type '{ active: boolean | null; avatar_url: string | null; created_at: string | null; department: string | null; email: string; id: string; name: string; phone: string | null; role: string; updated_at: string | null; } | ... 12 more ... | { ...; }'.
  Property 'company_name' does not exist on type '{ active: boolean | null; avatar_url: string | null; created_at: string | null; department: string | null; email: string; id: string; name: string; phone: string | null; role: string; updated_at: string | null; }'.
src/features/settings/services/OrganizationService.ts(29,31): error TS2339: Property 'logo_url' does not exist on type '{ active: boolean | null; avatar_url: string | null; created_at: string | null; department: string | null; email: string; id: string; name: string; phone: string | null; role: string; updated_at: string | null; } | ... 12 more ... | { ...; }'.
  Property 'logo_url' does not exist on type '{ active: boolean | null; avatar_url: string | null; created_at: string | null; department: string | null; email: string; id: string; name: string; phone: string | null; role: string; updated_at: string | null; }'.
src/features/settings/services/OrganizationService.ts(30,36): error TS2339: Property 'primary_color' does not exist on type '{ active: boolean | null; avatar_url: string | null; created_at: string | null; department: string | null; email: string; id: string; name: string; phone: string | null; role: string; updated_at: string | null; } | ... 12 more ... | { ...; }'.
  Property 'primary_color' does not exist on type '{ active: boolean | null; avatar_url: string | null; created_at: string | null; department: string | null; email: string; id: string; name: string; phone: string | null; role: string; updated_at: string | null; }'.
src/features/settings/services/OrganizationService.ts(46,23): error TS2769: No overload matches this call.
  Overload 1 of 2, '(relation: "users" | "leads" | "products" | "loss_reasons" | "pipeline_stages" | "conversations" | "messages" | "projects" | "team_chat_channels" | "goals" | "lead_activities" | "project_checklist_items" | "revision_history" | "team_chat_messages"): PostgrestQueryBuilder<...>', gave the following error.
    Argument of type '"organization_settings"' is not assignable to parameter of type '"users" | "leads" | "products" | "loss_reasons" | "pipeline_stages" | "conversations" | "messages" | "projects" | "team_chat_channels" | "goals" | "lead_activities" | "project_checklist_items" | "revision_history" | "team_chat_messages"'.
  Overload 2 of 2, '(relation: never): PostgrestQueryBuilder<{ PostgrestVersion: "14.1"; }, { Tables: { conversations: { Row: { assigned_to: string | null; channel: string | null; company: string | null; context: string | null; ... 17 more ...; updated_at: string | null; }; Insert: { ...; }; Update: { ...; }; Relationships: [...]; }; ... 12 more ...; users: { ...; }; }; Views: {}; Functions: { ...; }; Enums: {}; CompositeTypes: {}; }, never, never, never>', gave the following error.
    Argument of type '"organization_settings"' is not assignable to parameter of type 'never'.
src/features/settings/services/OrganizationService.ts(61,27): error TS2769: No overload matches this call.
  Overload 1 of 2, '(relation: "users" | "leads" | "products" | "loss_reasons" | "pipeline_stages" | "conversations" | "messages" | "projects" | "team_chat_channels" | "goals" | "lead_activities" | "project_checklist_items" | "revision_history" | "team_chat_messages"): PostgrestQueryBuilder<...>', gave the following error.
    Argument of type '"organization_settings"' is not assignable to parameter of type '"users" | "leads" | "products" | "loss_reasons" | "pipeline_stages" | "conversations" | "messages" | "projects" | "team_chat_channels" | "goals" | "lead_activities" | "project_checklist_items" | "revision_history" | "team_chat_messages"'.
  Overload 2 of 2, '(relation: never): PostgrestQueryBuilder<{ PostgrestVersion: "14.1"; }, { Tables: { conversations: { Row: { assigned_to: string | null; channel: string | null; company: string | null; context: string | null; ... 17 more ...; updated_at: string | null; }; Insert: { ...; }; Update: { ...; }; Relationships: [...]; }; ... 12 more ...; users: { ...; }; }; Views: {}; Functions: { ...; }; Enums: {}; CompositeTypes: {}; }, never, never, never>', gave the following error.
    Argument of type '"organization_settings"' is not assignable to parameter of type 'never'.
src/features/settings/services/OrganizationService.ts(68,27): error TS2769: No overload matches this call.
  Overload 1 of 2, '(relation: "users" | "leads" | "products" | "loss_reasons" | "pipeline_stages" | "conversations" | "messages" | "projects" | "team_chat_channels" | "goals" | "lead_activities" | "project_checklist_items" | "revision_history" | "team_chat_messages"): PostgrestQueryBuilder<...>', gave the following error.
    Argument of type '"organization_settings"' is not assignable to parameter of type '"users" | "leads" | "products" | "loss_reasons" | "pipeline_stages" | "conversations" | "messages" | "projects" | "team_chat_channels" | "goals" | "lead_activities" | "project_checklist_items" | "revision_history" | "team_chat_messages"'.
  Overload 2 of 2, '(relation: never): PostgrestQueryBuilder<{ PostgrestVersion: "14.1"; }, { Tables: { conversations: { Row: { assigned_to: string | null; channel: string | null; company: string | null; context: string | null; ... 17 more ...; updated_at: string | null; }; Insert: { ...; }; Update: { ...; }; Relationships: [...]; }; ... 12 more ...; users: { ...; }; }; Views: {}; Functions: { ...; }; Enums: {}; CompositeTypes: {}; }, never, never, never>', gave the following error.
    Argument of type '"organization_settings"' is not assignable to parameter of type 'never'.
src/features/settings/services/OrganizationService.ts(70,25): error TS2769: No overload matches this call.
  Overload 1 of 2, '(values: { assigned_to?: string | null | undefined; channel?: string | null | undefined; company?: string | null | undefined; context?: string | null | undefined; created_at?: string | null | undefined; ... 16 more ...; updated_at?: string | ... 1 more ... | undefined; } | ... 12 more ... | { ...; }, options?: { ...; } | undefined): PostgrestFilterBuilder<...>', gave the following error.
    Object literal may only specify known properties, and 'company_name' does not exist in type '{ assigned_to?: string | null | undefined; channel?: string | null | undefined; company?: string | null | undefined; context?: string | null | undefined; created_at?: string | null | undefined; ... 16 more ...; updated_at?: string | ... 1 more ... | undefined; } | ... 12 more ... | { ...; }'.
  Overload 2 of 2, '(values: ({ assigned_to?: string | null | undefined; channel?: string | null | undefined; company?: string | null | undefined; context?: string | null | undefined; created_at?: string | null | undefined; ... 16 more ...; updated_at?: string | ... 1 more ... | undefined; } | ... 12 more ... | { ...; })[], options?: { ...; } | undefined): PostgrestFilterBuilder<...>', gave the following error.
    Object literal may only specify known properties, and 'company_name' does not exist in type '({ assigned_to?: string | null | undefined; channel?: string | null | undefined; company?: string | null | undefined; context?: string | null | undefined; created_at?: string | null | undefined; ... 16 more ...; updated_at?: string | ... 1 more ... | undefined; } | ... 12 more ... | { ...; })[]'.
src/features/settings/services/PermissionService.ts(10,19): error TS2769: No overload matches this call.
  Overload 1 of 2, '(relation: "users" | "leads" | "products" | "loss_reasons" | "pipeline_stages" | "conversations" | "messages" | "projects" | "team_chat_channels" | "goals" | "lead_activities" | "project_checklist_items" | "revision_history" | "team_chat_messages"): PostgrestQueryBuilder<...>', gave the following error.
    Argument of type '"permissions"' is not assignable to parameter of type '"users" | "leads" | "products" | "loss_reasons" | "pipeline_stages" | "conversations" | "messages" | "projects" | "team_chat_channels" | "goals" | "lead_activities" | "project_checklist_items" | "revision_history" | "team_chat_messages"'.
  Overload 2 of 2, '(relation: never): PostgrestQueryBuilder<{ PostgrestVersion: "14.1"; }, { Tables: { conversations: { Row: { assigned_to: string | null; channel: string | null; company: string | null; context: string | null; ... 17 more ...; updated_at: string | null; }; Insert: { ...; }; Update: { ...; }; Relationships: [...]; }; ... 12 more ...; users: { ...; }; }; Views: {}; Functions: { ...; }; Enums: {}; CompositeTypes: {}; }, never, never, never>', gave the following error.
    Argument of type '"permissions"' is not assignable to parameter of type 'never'.
src/features/settings/services/PermissionService.ts(18,23): error TS2339: Property 'name' does not exist on type '{ active: boolean | null; avatar_url: string | null; created_at: string | null; department: string | null; email: string; id: string; name: string; phone: string | null; role: string; updated_at: string | null; } | ... 12 more ... | { ...; }'.
  Property 'name' does not exist on type '{ created_at: string | null; daily_target: number | null; date: string; id: string; points_delivered: number | null; updated_at: string | null; user_id: string; }'.
src/features/settings/services/PermissionService.ts(19,30): error TS2339: Property 'description' does not exist on type '{ active: boolean | null; avatar_url: string | null; created_at: string | null; department: string | null; email: string; id: string; name: string; phone: string | null; role: string; updated_at: string | null; } | ... 12 more ... | { ...; }'.
  Property 'description' does not exist on type '{ active: boolean | null; avatar_url: string | null; created_at: string | null; department: string | null; email: string; id: string; name: string; phone: string | null; role: string; updated_at: string | null; }'.
src/features/settings/services/PermissionService.ts(20,25): error TS2339: Property 'active' does not exist on type '{ active: boolean | null; avatar_url: string | null; created_at: string | null; department: string | null; email: string; id: string; name: string; phone: string | null; role: string; updated_at: string | null; } | ... 12 more ... | { ...; }'.
  Property 'active' does not exist on type '{ assigned_to: string | null; channel: string | null; company: string | null; context: string | null; created_at: string | null; email: string | null; id: string; is_blocked: boolean | null; ... 13 more ...; updated_at: string | null; }'.
src/features/settings/services/PermissionService.ts(21,37): error TS2339: Property 'created_at' does not exist on type '{ active: boolean | null; avatar_url: string | null; created_at: string | null; department: string | null; email: string; id: string; name: string; phone: string | null; role: string; updated_at: string | null; } | ... 12 more ... | { ...; }'.
  Property 'created_at' does not exist on type '{ completed: boolean | null; id: string; order: number | null; project_id: string; text: string; }'.
src/features/settings/services/PermissionService.ts(22,37): error TS2339: Property 'updated_at' does not exist on type '{ active: boolean | null; avatar_url: string | null; created_at: string | null; department: string | null; email: string; id: string; name: string; phone: string | null; role: string; updated_at: string | null; } | ... 12 more ... | { ...; }'.
  Property 'updated_at' does not exist on type '{ created_at: string | null; description: string; id: string; lead_id: string; metadata: Json; type: string; user_id: string | null; }'.
src/features/settings/services/PermissionService.ts(31,19): error TS2769: No overload matches this call.
  Overload 1 of 2, '(relation: "users" | "leads" | "products" | "loss_reasons" | "pipeline_stages" | "conversations" | "messages" | "projects" | "team_chat_channels" | "goals" | "lead_activities" | "project_checklist_items" | "revision_history" | "team_chat_messages"): PostgrestQueryBuilder<...>', gave the following error.
    Argument of type '"permissions"' is not assignable to parameter of type '"users" | "leads" | "products" | "loss_reasons" | "pipeline_stages" | "conversations" | "messages" | "projects" | "team_chat_channels" | "goals" | "lead_activities" | "project_checklist_items" | "revision_history" | "team_chat_messages"'.
  Overload 2 of 2, '(relation: never): PostgrestQueryBuilder<{ PostgrestVersion: "14.1"; }, { Tables: { conversations: { Row: { assigned_to: string | null; channel: string | null; company: string | null; context: string | null; ... 17 more ...; updated_at: string | null; }; Insert: { ...; }; Update: { ...; }; Relationships: [...]; }; ... 12 more ...; users: { ...; }; }; Views: {}; Functions: { ...; }; Enums: {}; CompositeTypes: {}; }, never, never, never>', gave the following error.
    Argument of type '"permissions"' is not assignable to parameter of type 'never'.
src/features/settings/services/PermissionService.ts(54,19): error TS2769: No overload matches this call.
  Overload 1 of 2, '(relation: "users" | "leads" | "products" | "loss_reasons" | "pipeline_stages" | "conversations" | "messages" | "projects" | "team_chat_channels" | "goals" | "lead_activities" | "project_checklist_items" | "revision_history" | "team_chat_messages"): PostgrestQueryBuilder<...>', gave the following error.
    Argument of type '"permissions"' is not assignable to parameter of type '"users" | "leads" | "products" | "loss_reasons" | "pipeline_stages" | "conversations" | "messages" | "projects" | "team_chat_channels" | "goals" | "lead_activities" | "project_checklist_items" | "revision_history" | "team_chat_messages"'.
  Overload 2 of 2, '(relation: never): PostgrestQueryBuilder<{ PostgrestVersion: "14.1"; }, { Tables: { conversations: { Row: { assigned_to: string | null; channel: string | null; company: string | null; context: string | null; ... 17 more ...; updated_at: string | null; }; Insert: { ...; }; Update: { ...; }; Relationships: [...]; }; ... 12 more ...; users: { ...; }; }; Views: {}; Functions: { ...; }; Enums: {}; CompositeTypes: {}; }, never, never, never>', gave the following error.
    Argument of type '"permissions"' is not assignable to parameter of type 'never'.
src/features/settings/services/PermissionService.ts(66,19): error TS2769: No overload matches this call.
  Overload 1 of 2, '(relation: "users" | "leads" | "products" | "loss_reasons" | "pipeline_stages" | "conversations" | "messages" | "projects" | "team_chat_channels" | "goals" | "lead_activities" | "project_checklist_items" | "revision_history" | "team_chat_messages"): PostgrestQueryBuilder<...>', gave the following error.
    Argument of type '"permissions"' is not assignable to parameter of type '"users" | "leads" | "products" | "loss_reasons" | "pipeline_stages" | "conversations" | "messages" | "projects" | "team_chat_channels" | "goals" | "lead_activities" | "project_checklist_items" | "revision_history" | "team_chat_messages"'.
  Overload 2 of 2, '(relation: never): PostgrestQueryBuilder<{ PostgrestVersion: "14.1"; }, { Tables: { conversations: { Row: { assigned_to: string | null; channel: string | null; company: string | null; context: string | null; ... 17 more ...; updated_at: string | null; }; Insert: { ...; }; Update: { ...; }; Relationships: [...]; }; ... 12 more ...; users: { ...; }; }; Views: {}; Functions: { ...; }; Enums: {}; CompositeTypes: {}; }, never, never, never>', gave the following error.
    Argument of type '"permissions"' is not assignable to parameter of type 'never'.
src/features/settings/services/RoleService.ts(10,19): error TS2769: No overload matches this call.
  Overload 1 of 2, '(relation: "users" | "leads" | "products" | "loss_reasons" | "pipeline_stages" | "conversations" | "messages" | "projects" | "team_chat_channels" | "goals" | "lead_activities" | "project_checklist_items" | "revision_history" | "team_chat_messages"): PostgrestQueryBuilder<...>', gave the following error.
    Argument of type '"roles"' is not assignable to parameter of type '"users" | "leads" | "products" | "loss_reasons" | "pipeline_stages" | "conversations" | "messages" | "projects" | "team_chat_channels" | "goals" | "lead_activities" | "project_checklist_items" | "revision_history" | "team_chat_messages"'.
  Overload 2 of 2, '(relation: never): PostgrestQueryBuilder<{ PostgrestVersion: "14.1"; }, { Tables: { conversations: { Row: { assigned_to: string | null; channel: string | null; company: string | null; context: string | null; ... 17 more ...; updated_at: string | null; }; Insert: { ...; }; Update: { ...; }; Relationships: [...]; }; ... 12 more ...; users: { ...; }; }; Views: {}; Functions: { ...; }; Enums: {}; CompositeTypes: {}; }, never, never, never>', gave the following error.
    Argument of type '"roles"' is not assignable to parameter of type 'never'.
src/features/settings/services/RoleService.ts(18,23): error TS2339: Property 'name' does not exist on type '{ active: boolean | null; avatar_url: string | null; created_at: string | null; department: string | null; email: string; id: string; name: string; phone: string | null; role: string; updated_at: string | null; } | ... 12 more ... | { ...; }'.
  Property 'name' does not exist on type '{ created_at: string | null; daily_target: number | null; date: string; id: string; points_delivered: number | null; updated_at: string | null; user_id: string; }'.
src/features/settings/services/RoleService.ts(19,30): error TS2339: Property 'description' does not exist on type '{ active: boolean | null; avatar_url: string | null; created_at: string | null; department: string | null; email: string; id: string; name: string; phone: string | null; role: string; updated_at: string | null; } | ... 12 more ... | { ...; }'.
  Property 'description' does not exist on type '{ active: boolean | null; avatar_url: string | null; created_at: string | null; department: string | null; email: string; id: string; name: string; phone: string | null; role: string; updated_at: string | null; }'.
src/features/settings/services/RoleService.ts(20,30): error TS2339: Property 'permissions' does not exist on type '{ active: boolean | null; avatar_url: string | null; created_at: string | null; department: string | null; email: string; id: string; name: string; phone: string | null; role: string; updated_at: string | null; } | ... 12 more ... | { ...; }'.
  Property 'permissions' does not exist on type '{ active: boolean | null; avatar_url: string | null; created_at: string | null; department: string | null; email: string; id: string; name: string; phone: string | null; role: string; updated_at: string | null; }'.
src/features/settings/services/RoleService.ts(21,25): error TS2339: Property 'active' does not exist on type '{ active: boolean | null; avatar_url: string | null; created_at: string | null; department: string | null; email: string; id: string; name: string; phone: string | null; role: string; updated_at: string | null; } | ... 12 more ... | { ...; }'.
  Property 'active' does not exist on type '{ assigned_to: string | null; channel: string | null; company: string | null; context: string | null; created_at: string | null; email: string | null; id: string; is_blocked: boolean | null; ... 13 more ...; updated_at: string | null; }'.
src/features/settings/services/RoleService.ts(22,37): error TS2339: Property 'created_at' does not exist on type '{ active: boolean | null; avatar_url: string | null; created_at: string | null; department: string | null; email: string; id: string; name: string; phone: string | null; role: string; updated_at: string | null; } | ... 12 more ... | { ...; }'.
  Property 'created_at' does not exist on type '{ completed: boolean | null; id: string; order: number | null; project_id: string; text: string; }'.
src/features/settings/services/RoleService.ts(23,37): error TS2339: Property 'updated_at' does not exist on type '{ active: boolean | null; avatar_url: string | null; created_at: string | null; department: string | null; email: string; id: string; name: string; phone: string | null; role: string; updated_at: string | null; } | ... 12 more ... | { ...; }'.
  Property 'updated_at' does not exist on type '{ created_at: string | null; description: string; id: string; lead_id: string; metadata: Json; type: string; user_id: string | null; }'.
src/features/settings/services/RoleService.ts(32,19): error TS2769: No overload matches this call.
  Overload 1 of 2, '(relation: "users" | "leads" | "products" | "loss_reasons" | "pipeline_stages" | "conversations" | "messages" | "projects" | "team_chat_channels" | "goals" | "lead_activities" | "project_checklist_items" | "revision_history" | "team_chat_messages"): PostgrestQueryBuilder<...>', gave the following error.
    Argument of type '"roles"' is not assignable to parameter of type '"users" | "leads" | "products" | "loss_reasons" | "pipeline_stages" | "conversations" | "messages" | "projects" | "team_chat_channels" | "goals" | "lead_activities" | "project_checklist_items" | "revision_history" | "team_chat_messages"'.
  Overload 2 of 2, '(relation: never): PostgrestQueryBuilder<{ PostgrestVersion: "14.1"; }, { Tables: { conversations: { Row: { assigned_to: string | null; channel: string | null; company: string | null; context: string | null; ... 17 more ...; updated_at: string | null; }; Insert: { ...; }; Update: { ...; }; Relationships: [...]; }; ... 12 more ...; users: { ...; }; }; Views: {}; Functions: { ...; }; Enums: {}; CompositeTypes: {}; }, never, never, never>', gave the following error.
    Argument of type '"roles"' is not assignable to parameter of type 'never'.
src/features/settings/services/RoleService.ts(57,19): error TS2769: No overload matches this call.
  Overload 1 of 2, '(relation: "users" | "leads" | "products" | "loss_reasons" | "pipeline_stages" | "conversations" | "messages" | "projects" | "team_chat_channels" | "goals" | "lead_activities" | "project_checklist_items" | "revision_history" | "team_chat_messages"): PostgrestQueryBuilder<...>', gave the following error.
    Argument of type '"roles"' is not assignable to parameter of type '"users" | "leads" | "products" | "loss_reasons" | "pipeline_stages" | "conversations" | "messages" | "projects" | "team_chat_channels" | "goals" | "lead_activities" | "project_checklist_items" | "revision_history" | "team_chat_messages"'.
  Overload 2 of 2, '(relation: never): PostgrestQueryBuilder<{ PostgrestVersion: "14.1"; }, { Tables: { conversations: { Row: { assigned_to: string | null; channel: string | null; company: string | null; context: string | null; ... 17 more ...; updated_at: string | null; }; Insert: { ...; }; Update: { ...; }; Relationships: [...]; }; ... 12 more ...; users: { ...; }; }; Views: {}; Functions: { ...; }; Enums: {}; CompositeTypes: {}; }, never, never, never>', gave the following error.
    Argument of type '"roles"' is not assignable to parameter of type 'never'.
src/features/settings/services/RoleService.ts(69,19): error TS2769: No overload matches this call.
  Overload 1 of 2, '(relation: "users" | "leads" | "products" | "loss_reasons" | "pipeline_stages" | "conversations" | "messages" | "projects" | "team_chat_channels" | "goals" | "lead_activities" | "project_checklist_items" | "revision_history" | "team_chat_messages"): PostgrestQueryBuilder<...>', gave the following error.
    Argument of type '"roles"' is not assignable to parameter of type '"users" | "leads" | "products" | "loss_reasons" | "pipeline_stages" | "conversations" | "messages" | "projects" | "team_chat_channels" | "goals" | "lead_activities" | "project_checklist_items" | "revision_history" | "team_chat_messages"'.
  Overload 2 of 2, '(relation: never): PostgrestQueryBuilder<{ PostgrestVersion: "14.1"; }, { Tables: { conversations: { Row: { assigned_to: string | null; channel: string | null; company: string | null; context: string | null; ... 17 more ...; updated_at: string | null; }; Insert: { ...; }; Update: { ...; }; Relationships: [...]; }; ... 12 more ...; users: { ...; }; }; Views: {}; Functions: { ...; }; Enums: {}; CompositeTypes: {}; }, never, never, never>', gave the following error.
    Argument of type '"roles"' is not assignable to parameter of type 'never'.
src/features/settings/services/SectorService.ts(10,19): error TS2769: No overload matches this call.
  Overload 1 of 2, '(relation: "users" | "leads" | "products" | "loss_reasons" | "pipeline_stages" | "conversations" | "messages" | "projects" | "team_chat_channels" | "goals" | "lead_activities" | "project_checklist_items" | "revision_history" | "team_chat_messages"): PostgrestQueryBuilder<...>', gave the following error.
    Argument of type '"sectors"' is not assignable to parameter of type '"users" | "leads" | "products" | "loss_reasons" | "pipeline_stages" | "conversations" | "messages" | "projects" | "team_chat_channels" | "goals" | "lead_activities" | "project_checklist_items" | "revision_history" | "team_chat_messages"'.
  Overload 2 of 2, '(relation: never): PostgrestQueryBuilder<{ PostgrestVersion: "14.1"; }, { Tables: { conversations: { Row: { assigned_to: string | null; channel: string | null; company: string | null; context: string | null; ... 17 more ...; updated_at: string | null; }; Insert: { ...; }; Update: { ...; }; Relationships: [...]; }; ... 12 more ...; users: { ...; }; }; Views: {}; Functions: { ...; }; Enums: {}; CompositeTypes: {}; }, never, never, never>', gave the following error.
    Argument of type '"sectors"' is not assignable to parameter of type 'never'.
src/features/settings/services/SectorService.ts(18,23): error TS2339: Property 'name' does not exist on type '{ active: boolean | null; avatar_url: string | null; created_at: string | null; department: string | null; email: string; id: string; name: string; phone: string | null; role: string; updated_at: string | null; } | ... 12 more ... | { ...; }'.
  Property 'name' does not exist on type '{ created_at: string | null; daily_target: number | null; date: string; id: string; points_delivered: number | null; updated_at: string | null; user_id: string; }'.
src/features/settings/services/SectorService.ts(19,30): error TS2339: Property 'description' does not exist on type '{ active: boolean | null; avatar_url: string | null; created_at: string | null; department: string | null; email: string; id: string; name: string; phone: string | null; role: string; updated_at: string | null; } | ... 12 more ... | { ...; }'.
  Property 'description' does not exist on type '{ active: boolean | null; avatar_url: string | null; created_at: string | null; department: string | null; email: string; id: string; name: string; phone: string | null; role: string; updated_at: string | null; }'.
src/features/settings/services/SectorService.ts(20,26): error TS2339: Property 'manager' does not exist on type '{ active: boolean | null; avatar_url: string | null; created_at: string | null; department: string | null; email: string; id: string; name: string; phone: string | null; role: string; updated_at: string | null; } | ... 12 more ... | { ...; }'.
  Property 'manager' does not exist on type '{ active: boolean | null; avatar_url: string | null; created_at: string | null; department: string | null; email: string; id: string; name: string; phone: string | null; role: string; updated_at: string | null; }'.
src/features/settings/services/SectorService.ts(21,25): error TS2339: Property 'active' does not exist on type '{ active: boolean | null; avatar_url: string | null; created_at: string | null; department: string | null; email: string; id: string; name: string; phone: string | null; role: string; updated_at: string | null; } | ... 12 more ... | { ...; }'.
  Property 'active' does not exist on type '{ assigned_to: string | null; channel: string | null; company: string | null; context: string | null; created_at: string | null; email: string | null; id: string; is_blocked: boolean | null; ... 13 more ...; updated_at: string | null; }'.
src/features/settings/services/SectorService.ts(22,37): error TS2339: Property 'created_at' does not exist on type '{ active: boolean | null; avatar_url: string | null; created_at: string | null; department: string | null; email: string; id: string; name: string; phone: string | null; role: string; updated_at: string | null; } | ... 12 more ... | { ...; }'.
  Property 'created_at' does not exist on type '{ completed: boolean | null; id: string; order: number | null; project_id: string; text: string; }'.
src/features/settings/services/SectorService.ts(23,37): error TS2339: Property 'updated_at' does not exist on type '{ active: boolean | null; avatar_url: string | null; created_at: string | null; department: string | null; email: string; id: string; name: string; phone: string | null; role: string; updated_at: string | null; } | ... 12 more ... | { ...; }'.
  Property 'updated_at' does not exist on type '{ created_at: string | null; description: string; id: string; lead_id: string; metadata: Json; type: string; user_id: string | null; }'.
src/features/settings/services/SectorService.ts(32,19): error TS2769: No overload matches this call.
  Overload 1 of 2, '(relation: "users" | "leads" | "products" | "loss_reasons" | "pipeline_stages" | "conversations" | "messages" | "projects" | "team_chat_channels" | "goals" | "lead_activities" | "project_checklist_items" | "revision_history" | "team_chat_messages"): PostgrestQueryBuilder<...>', gave the following error.
    Argument of type '"sectors"' is not assignable to parameter of type '"users" | "leads" | "products" | "loss_reasons" | "pipeline_stages" | "conversations" | "messages" | "projects" | "team_chat_channels" | "goals" | "lead_activities" | "project_checklist_items" | "revision_history" | "team_chat_messages"'.
  Overload 2 of 2, '(relation: never): PostgrestQueryBuilder<{ PostgrestVersion: "14.1"; }, { Tables: { conversations: { Row: { assigned_to: string | null; channel: string | null; company: string | null; context: string | null; ... 17 more ...; updated_at: string | null; }; Insert: { ...; }; Update: { ...; }; Relationships: [...]; }; ... 12 more ...; users: { ...; }; }; Views: {}; Functions: { ...; }; Enums: {}; CompositeTypes: {}; }, never, never, never>', gave the following error.
    Argument of type '"sectors"' is not assignable to parameter of type 'never'.
src/features/settings/services/SectorService.ts(57,19): error TS2769: No overload matches this call.
  Overload 1 of 2, '(relation: "users" | "leads" | "products" | "loss_reasons" | "pipeline_stages" | "conversations" | "messages" | "projects" | "team_chat_channels" | "goals" | "lead_activities" | "project_checklist_items" | "revision_history" | "team_chat_messages"): PostgrestQueryBuilder<...>', gave the following error.
    Argument of type '"sectors"' is not assignable to parameter of type '"users" | "leads" | "products" | "loss_reasons" | "pipeline_stages" | "conversations" | "messages" | "projects" | "team_chat_channels" | "goals" | "lead_activities" | "project_checklist_items" | "revision_history" | "team_chat_messages"'.
  Overload 2 of 2, '(relation: never): PostgrestQueryBuilder<{ PostgrestVersion: "14.1"; }, { Tables: { conversations: { Row: { assigned_to: string | null; channel: string | null; company: string | null; context: string | null; ... 17 more ...; updated_at: string | null; }; Insert: { ...; }; Update: { ...; }; Relationships: [...]; }; ... 12 more ...; users: { ...; }; }; Views: {}; Functions: { ...; }; Enums: {}; CompositeTypes: {}; }, never, never, never>', gave the following error.
    Argument of type '"sectors"' is not assignable to parameter of type 'never'.
src/features/settings/services/SectorService.ts(69,19): error TS2769: No overload matches this call.
  Overload 1 of 2, '(relation: "users" | "leads" | "products" | "loss_reasons" | "pipeline_stages" | "conversations" | "messages" | "projects" | "team_chat_channels" | "goals" | "lead_activities" | "project_checklist_items" | "revision_history" | "team_chat_messages"): PostgrestQueryBuilder<...>', gave the following error.
    Argument of type '"sectors"' is not assignable to parameter of type '"users" | "leads" | "products" | "loss_reasons" | "pipeline_stages" | "conversations" | "messages" | "projects" | "team_chat_channels" | "goals" | "lead_activities" | "project_checklist_items" | "revision_history" | "team_chat_messages"'.
  Overload 2 of 2, '(relation: never): PostgrestQueryBuilder<{ PostgrestVersion: "14.1"; }, { Tables: { conversations: { Row: { assigned_to: string | null; channel: string | null; company: string | null; context: string | null; ... 17 more ...; updated_at: string | null; }; Insert: { ...; }; Update: { ...; }; Relationships: [...]; }; ... 12 more ...; users: { ...; }; }; Views: {}; Functions: { ...; }; Enums: {}; CompositeTypes: {}; }, never, never, never>', gave the following error.
    Argument of type '"sectors"' is not assignable to parameter of type 'never'.
src/features/strategic/components/NoteEditor/NoteEditor.tsx(214,49): error TS2339: Property 'oderId' does not exist on type 'EditorPresence'.
src/features/strategic/services/NotesRealtimeService.ts(49,19): error TS2769: No overload matches this call.
  Overload 1 of 2, '(relation: "users" | "leads" | "products" | "loss_reasons" | "pipeline_stages" | "conversations" | "messages" | "projects" | "team_chat_channels" | "goals" | "lead_activities" | "project_checklist_items" | "revision_history" | "team_chat_messages"): PostgrestQueryBuilder<...>', gave the following error.
    Argument of type '"notes"' is not assignable to parameter of type '"users" | "leads" | "products" | "loss_reasons" | "pipeline_stages" | "conversations" | "messages" | "projects" | "team_chat_channels" | "goals" | "lead_activities" | "project_checklist_items" | "revision_history" | "team_chat_messages"'.
  Overload 2 of 2, '(relation: never): PostgrestQueryBuilder<{ PostgrestVersion: "14.1"; }, { Tables: { conversations: { Row: { assigned_to: string | null; channel: string | null; company: string | null; context: string | null; ... 17 more ...; updated_at: string | null; }; Insert: { ...; }; Update: { ...; }; Relationships: [...]; }; ... 12 more ...; users: { ...; }; }; Views: {}; Functions: { ...; }; Enums: {}; CompositeTypes: {}; }, never, never, never>', gave the following error.
    Argument of type '"notes"' is not assignable to parameter of type 'never'.
src/features/strategic/services/NotesRealtimeService.ts(56,39): error TS2339: Property 'content' does not exist on type 'SelectQueryError<"column 'content' does not exist on 'users'."> | SelectQueryError<"column 'content' does not exist on 'leads'."> | ... 11 more ... | SelectQueryError<...>'.
  Property 'content' does not exist on type 'SelectQueryError<"column 'content' does not exist on 'users'.">'.
src/features/strategic/services/NotesRealtimeService.ts(57,42): error TS2339: Property 'created_by' does not exist on type 'SelectQueryError<"column 'content' does not exist on 'users'."> | SelectQueryError<"column 'content' does not exist on 'leads'."> | ... 11 more ... | SelectQueryError<...>'.
  Property 'created_by' does not exist on type 'SelectQueryError<"column 'content' does not exist on 'users'.">'.
src/features/strategic/services/NotesRealtimeService.ts(58,51): error TS2339: Property 'updated_at' does not exist on type 'SelectQueryError<"column 'content' does not exist on 'users'."> | SelectQueryError<"column 'content' does not exist on 'leads'."> | ... 11 more ... | SelectQueryError<...>'.
  Property 'updated_at' does not exist on type 'SelectQueryError<"column 'content' does not exist on 'users'.">'.
src/features/strategic/services/NotesRealtimeService.ts(95,19): error TS2769: No overload matches this call.
  Overload 1 of 2, '(relation: "users" | "leads" | "products" | "loss_reasons" | "pipeline_stages" | "conversations" | "messages" | "projects" | "team_chat_channels" | "goals" | "lead_activities" | "project_checklist_items" | "revision_history" | "team_chat_messages"): PostgrestQueryBuilder<...>', gave the following error.
    Argument of type '"notes"' is not assignable to parameter of type '"users" | "leads" | "products" | "loss_reasons" | "pipeline_stages" | "conversations" | "messages" | "projects" | "team_chat_channels" | "goals" | "lead_activities" | "project_checklist_items" | "revision_history" | "team_chat_messages"'.
  Overload 2 of 2, '(relation: never): PostgrestQueryBuilder<{ PostgrestVersion: "14.1"; }, { Tables: { conversations: { Row: { assigned_to: string | null; channel: string | null; company: string | null; context: string | null; ... 17 more ...; updated_at: string | null; }; Insert: { ...; }; Update: { ...; }; Relationships: [...]; }; ... 12 more ...; users: { ...; }; }; Views: {}; Functions: { ...; }; Enums: {}; CompositeTypes: {}; }, never, never, never>', gave the following error.
    Argument of type '"notes"' is not assignable to parameter of type 'never'.
src/features/strategic/services/NotesRealtimeService.ts(212,19): error TS2769: No overload matches this call.
  Overload 1 of 2, '(relation: "users" | "leads" | "products" | "loss_reasons" | "pipeline_stages" | "conversations" | "messages" | "projects" | "team_chat_channels" | "goals" | "lead_activities" | "project_checklist_items" | "revision_history" | "team_chat_messages"): PostgrestQueryBuilder<...>', gave the following error.
    Argument of type '"notes"' is not assignable to parameter of type '"users" | "leads" | "products" | "loss_reasons" | "pipeline_stages" | "conversations" | "messages" | "projects" | "team_chat_channels" | "goals" | "lead_activities" | "project_checklist_items" | "revision_history" | "team_chat_messages"'.
  Overload 2 of 2, '(relation: never): PostgrestQueryBuilder<{ PostgrestVersion: "14.1"; }, { Tables: { conversations: { Row: { assigned_to: string | null; channel: string | null; company: string | null; context: string | null; ... 17 more ...; updated_at: string | null; }; Insert: { ...; }; Update: { ...; }; Relationships: [...]; }; ... 12 more ...; users: { ...; }; }; Views: {}; Functions: { ...; }; Enums: {}; CompositeTypes: {}; }, never, never, never>', gave the following error.
    Argument of type '"notes"' is not assignable to parameter of type 'never'.
src/features/strategic/services/NotesRealtimeService.ts(218,22): error TS2339: Property 'content' does not exist on type 'SelectQueryError<"column 'content' does not exist on 'users'."> | SelectQueryError<"column 'content' does not exist on 'leads'."> | ... 11 more ... | SelectQueryError<...>'.
  Property 'content' does not exist on type 'SelectQueryError<"column 'content' does not exist on 'users'.">'.
src/features/strategic/services/NotesService.ts(40,27): error TS2769: No overload matches this call.
  Overload 1 of 2, '(relation: "users" | "leads" | "products" | "loss_reasons" | "pipeline_stages" | "conversations" | "messages" | "projects" | "team_chat_channels" | "goals" | "lead_activities" | "project_checklist_items" | "revision_history" | "team_chat_messages"): PostgrestQueryBuilder<...>', gave the following error.
    Argument of type '"notes"' is not assignable to parameter of type '"users" | "leads" | "products" | "loss_reasons" | "pipeline_stages" | "conversations" | "messages" | "projects" | "team_chat_channels" | "goals" | "lead_activities" | "project_checklist_items" | "revision_history" | "team_chat_messages"'.
  Overload 2 of 2, '(relation: never): PostgrestQueryBuilder<{ PostgrestVersion: "14.1"; }, { Tables: { conversations: { Row: { assigned_to: string | null; channel: string | null; company: string | null; context: string | null; ... 17 more ...; updated_at: string | null; }; Insert: { ...; }; Update: { ...; }; Relationships: [...]; }; ... 12 more ...; users: { ...; }; }; Views: {}; Functions: { ...; }; Enums: {}; CompositeTypes: {}; }, never, never, never>', gave the following error.
    Argument of type '"notes"' is not assignable to parameter of type 'never'.
src/features/strategic/services/NotesService.ts(80,19): error TS2769: No overload matches this call.
  Overload 1 of 2, '(relation: "users" | "leads" | "products" | "loss_reasons" | "pipeline_stages" | "conversations" | "messages" | "projects" | "team_chat_channels" | "goals" | "lead_activities" | "project_checklist_items" | "revision_history" | "team_chat_messages"): PostgrestQueryBuilder<...>', gave the following error.
    Argument of type '"notes"' is not assignable to parameter of type '"users" | "leads" | "products" | "loss_reasons" | "pipeline_stages" | "conversations" | "messages" | "projects" | "team_chat_channels" | "goals" | "lead_activities" | "project_checklist_items" | "revision_history" | "team_chat_messages"'.
  Overload 2 of 2, '(relation: never): PostgrestQueryBuilder<{ PostgrestVersion: "14.1"; }, { Tables: { conversations: { Row: { assigned_to: string | null; channel: string | null; company: string | null; context: string | null; ... 17 more ...; updated_at: string | null; }; Insert: { ...; }; Update: { ...; }; Relationships: [...]; }; ... 12 more ...; users: { ...; }; }; Views: {}; Functions: { ...; }; Enums: {}; CompositeTypes: {}; }, never, never, never>', gave the following error.
    Argument of type '"notes"' is not assignable to parameter of type 'never'.
src/features/strategic/services/NotesService.ts(82,17): error TS2769: No overload matches this call.
  Overload 1 of 2, '(values: { assigned_to?: string | null | undefined; channel?: string | null | undefined; company?: string | null | undefined; context?: string | null | undefined; created_at?: string | null | undefined; ... 16 more ...; updated_at?: string | ... 1 more ... | undefined; } | ... 12 more ... | { ...; }, options?: { ...; } | undefined): PostgrestFilterBuilder<...>', gave the following error.
    Object literal may only specify known properties, and 'title' does not exist in type '{ assigned_to?: string | null | undefined; channel?: string | null | undefined; company?: string | null | undefined; context?: string | null | undefined; created_at?: string | null | undefined; ... 16 more ...; updated_at?: string | ... 1 more ... | undefined; } | ... 12 more ... | { ...; }'.
  Overload 2 of 2, '(values: ({ assigned_to?: string | null | undefined; channel?: string | null | undefined; company?: string | null | undefined; context?: string | null | undefined; created_at?: string | null | undefined; ... 16 more ...; updated_at?: string | ... 1 more ... | undefined; } | ... 12 more ... | { ...; })[], options?: { ...; } | undefined): PostgrestFilterBuilder<...>', gave the following error.
    Object literal may only specify known properties, and 'title' does not exist in type '({ assigned_to?: string | null | undefined; channel?: string | null | undefined; company?: string | null | undefined; context?: string | null | undefined; created_at?: string | null | undefined; ... 16 more ...; updated_at?: string | ... 1 more ... | undefined; } | ... 12 more ... | { ...; })[]'.
src/features/strategic/services/NotesService.ts(100,19): error TS2769: No overload matches this call.
  Overload 1 of 2, '(relation: "users" | "leads" | "products" | "loss_reasons" | "pipeline_stages" | "conversations" | "messages" | "projects" | "team_chat_channels" | "goals" | "lead_activities" | "project_checklist_items" | "revision_history" | "team_chat_messages"): PostgrestQueryBuilder<...>', gave the following error.
    Argument of type '"notes"' is not assignable to parameter of type '"users" | "leads" | "products" | "loss_reasons" | "pipeline_stages" | "conversations" | "messages" | "projects" | "team_chat_channels" | "goals" | "lead_activities" | "project_checklist_items" | "revision_history" | "team_chat_messages"'.
  Overload 2 of 2, '(relation: never): PostgrestQueryBuilder<{ PostgrestVersion: "14.1"; }, { Tables: { conversations: { Row: { assigned_to: string | null; channel: string | null; company: string | null; context: string | null; ... 17 more ...; updated_at: string | null; }; Insert: { ...; }; Update: { ...; }; Relationships: [...]; }; ... 12 more ...; users: { ...; }; }; Views: {}; Functions: { ...; }; Enums: {}; CompositeTypes: {}; }, never, never, never>', gave the following error.
    Argument of type '"notes"' is not assignable to parameter of type 'never'.
src/features/strategic/services/NotesService.ts(115,19): error TS2769: No overload matches this call.
  Overload 1 of 2, '(relation: "users" | "leads" | "products" | "loss_reasons" | "pipeline_stages" | "conversations" | "messages" | "projects" | "team_chat_channels" | "goals" | "lead_activities" | "project_checklist_items" | "revision_history" | "team_chat_messages"): PostgrestQueryBuilder<...>', gave the following error.
    Argument of type '"notes"' is not assignable to parameter of type '"users" | "leads" | "products" | "loss_reasons" | "pipeline_stages" | "conversations" | "messages" | "projects" | "team_chat_channels" | "goals" | "lead_activities" | "project_checklist_items" | "revision_history" | "team_chat_messages"'.
  Overload 2 of 2, '(relation: never): PostgrestQueryBuilder<{ PostgrestVersion: "14.1"; }, { Tables: { conversations: { Row: { assigned_to: string | null; channel: string | null; company: string | null; context: string | null; ... 17 more ...; updated_at: string | null; }; Insert: { ...; }; Update: { ...; }; Relationships: [...]; }; ... 12 more ...; users: { ...; }; }; Views: {}; Functions: { ...; }; Enums: {}; CompositeTypes: {}; }, never, never, never>', gave the following error.
    Argument of type '"notes"' is not assignable to parameter of type 'never'.
src/features/strategic/services/NotesService.ts(130,19): error TS2769: No overload matches this call.
  Overload 1 of 2, '(relation: "users" | "leads" | "products" | "loss_reasons" | "pipeline_stages" | "conversations" | "messages" | "projects" | "team_chat_channels" | "goals" | "lead_activities" | "project_checklist_items" | "revision_history" | "team_chat_messages"): PostgrestQueryBuilder<...>', gave the following error.
    Argument of type '"notes"' is not assignable to parameter of type '"users" | "leads" | "products" | "loss_reasons" | "pipeline_stages" | "conversations" | "messages" | "projects" | "team_chat_channels" | "goals" | "lead_activities" | "project_checklist_items" | "revision_history" | "team_chat_messages"'.
  Overload 2 of 2, '(relation: never): PostgrestQueryBuilder<{ PostgrestVersion: "14.1"; }, { Tables: { conversations: { Row: { assigned_to: string | null; channel: string | null; company: string | null; context: string | null; ... 17 more ...; updated_at: string | null; }; Insert: { ...; }; Update: { ...; }; Relationships: [...]; }; ... 12 more ...; users: { ...; }; }; Views: {}; Functions: { ...; }; Enums: {}; CompositeTypes: {}; }, never, never, never>', gave the following error.
    Argument of type '"notes"' is not assignable to parameter of type 'never'.
src/features/strategic/services/NotesService.ts(142,19): error TS2769: No overload matches this call.
  Overload 1 of 2, '(relation: "users" | "leads" | "products" | "loss_reasons" | "pipeline_stages" | "conversations" | "messages" | "projects" | "team_chat_channels" | "goals" | "lead_activities" | "project_checklist_items" | "revision_history" | "team_chat_messages"): PostgrestQueryBuilder<...>', gave the following error.
    Argument of type '"notes"' is not assignable to parameter of type '"users" | "leads" | "products" | "loss_reasons" | "pipeline_stages" | "conversations" | "messages" | "projects" | "team_chat_channels" | "goals" | "lead_activities" | "project_checklist_items" | "revision_history" | "team_chat_messages"'.
  Overload 2 of 2, '(relation: never): PostgrestQueryBuilder<{ PostgrestVersion: "14.1"; }, { Tables: { conversations: { Row: { assigned_to: string | null; channel: string | null; company: string | null; context: string | null; ... 17 more ...; updated_at: string | null; }; Insert: { ...; }; Update: { ...; }; Relationships: [...]; }; ... 12 more ...; users: { ...; }; }; Views: {}; Functions: { ...; }; Enums: {}; CompositeTypes: {}; }, never, never, never>', gave the following error.
    Argument of type '"notes"' is not assignable to parameter of type 'never'.
src/features/strategic/services/NotesService.ts(151,21): error TS2339: Property 'content' does not exist on type 'SelectQueryError<"column 'content' does not exist on 'users'."> | SelectQueryError<"column 'content' does not exist on 'leads'."> | ... 11 more ... | SelectQueryError<...>'.
  Property 'content' does not exist on type 'SelectQueryError<"column 'content' does not exist on 'users'.">'.
src/features/strategic/services/SocialMediaService.ts(46,19): error TS2769: No overload matches this call.
  Overload 1 of 2, '(relation: "users" | "leads" | "products" | "loss_reasons" | "pipeline_stages" | "conversations" | "messages" | "projects" | "team_chat_channels" | "goals" | "lead_activities" | "project_checklist_items" | "revision_history" | "team_chat_messages"): PostgrestQueryBuilder<...>', gave the following error.
    Argument of type '"social_media_clients"' is not assignable to parameter of type '"users" | "leads" | "products" | "loss_reasons" | "pipeline_stages" | "conversations" | "messages" | "projects" | "team_chat_channels" | "goals" | "lead_activities" | "project_checklist_items" | "revision_history" | "team_chat_messages"'.
  Overload 2 of 2, '(relation: never): PostgrestQueryBuilder<{ PostgrestVersion: "14.1"; }, { Tables: { conversations: { Row: { assigned_to: string | null; channel: string | null; company: string | null; context: string | null; ... 17 more ...; updated_at: string | null; }; Insert: { ...; }; Update: { ...; }; Relationships: [...]; }; ... 12 more ...; users: { ...; }; }; Views: {}; Functions: { ...; }; Enums: {}; CompositeTypes: {}; }, never, never, never>', gave the following error.
    Argument of type '"social_media_clients"' is not assignable to parameter of type 'never'.
src/features/strategic/services/SocialMediaService.ts(63,27): error TS2769: No overload matches this call.
  Overload 1 of 2, '(relation: "users" | "leads" | "products" | "loss_reasons" | "pipeline_stages" | "conversations" | "messages" | "projects" | "team_chat_channels" | "goals" | "lead_activities" | "project_checklist_items" | "revision_history" | "team_chat_messages"): PostgrestQueryBuilder<...>', gave the following error.
    Argument of type '"social_media_clients"' is not assignable to parameter of type '"users" | "leads" | "products" | "loss_reasons" | "pipeline_stages" | "conversations" | "messages" | "projects" | "team_chat_channels" | "goals" | "lead_activities" | "project_checklist_items" | "revision_history" | "team_chat_messages"'.
  Overload 2 of 2, '(relation: never): PostgrestQueryBuilder<{ PostgrestVersion: "14.1"; }, { Tables: { conversations: { Row: { assigned_to: string | null; channel: string | null; company: string | null; context: string | null; ... 17 more ...; updated_at: string | null; }; Insert: { ...; }; Update: { ...; }; Relationships: [...]; }; ... 12 more ...; users: { ...; }; }; Views: {}; Functions: { ...; }; Enums: {}; CompositeTypes: {}; }, never, never, never>', gave the following error.
    Argument of type '"social_media_clients"' is not assignable to parameter of type 'never'.
src/features/strategic/services/SocialMediaService.ts(84,19): error TS2769: No overload matches this call.
  Overload 1 of 2, '(relation: "users" | "leads" | "products" | "loss_reasons" | "pipeline_stages" | "conversations" | "messages" | "projects" | "team_chat_channels" | "goals" | "lead_activities" | "project_checklist_items" | "revision_history" | "team_chat_messages"): PostgrestQueryBuilder<...>', gave the following error.
    Argument of type '"social_media_clients"' is not assignable to parameter of type '"users" | "leads" | "products" | "loss_reasons" | "pipeline_stages" | "conversations" | "messages" | "projects" | "team_chat_channels" | "goals" | "lead_activities" | "project_checklist_items" | "revision_history" | "team_chat_messages"'.
  Overload 2 of 2, '(relation: never): PostgrestQueryBuilder<{ PostgrestVersion: "14.1"; }, { Tables: { conversations: { Row: { assigned_to: string | null; channel: string | null; company: string | null; context: string | null; ... 17 more ...; updated_at: string | null; }; Insert: { ...; }; Update: { ...; }; Relationships: [...]; }; ... 12 more ...; users: { ...; }; }; Views: {}; Functions: { ...; }; Enums: {}; CompositeTypes: {}; }, never, never, never>', gave the following error.
    Argument of type '"social_media_clients"' is not assignable to parameter of type 'never'.
src/features/strategic/services/SocialMediaService.ts(86,17): error TS2769: No overload matches this call.
  Overload 1 of 2, '(values: { assigned_to?: string | null | undefined; channel?: string | null | undefined; company?: string | null | undefined; context?: string | null | undefined; created_at?: string | null | undefined; ... 16 more ...; updated_at?: string | ... 1 more ... | undefined; } | ... 12 more ... | { ...; }, options?: { ...; } | undefined): PostgrestFilterBuilder<...>', gave the following error.
    Object literal may only specify known properties, and 'client_name' does not exist in type '{ assigned_to?: string | null | undefined; channel?: string | null | undefined; company?: string | null | undefined; context?: string | null | undefined; created_at?: string | null | undefined; ... 16 more ...; updated_at?: string | ... 1 more ... | undefined; } | ... 12 more ... | { ...; }'.
  Overload 2 of 2, '(values: ({ assigned_to?: string | null | undefined; channel?: string | null | undefined; company?: string | null | undefined; context?: string | null | undefined; created_at?: string | null | undefined; ... 16 more ...; updated_at?: string | ... 1 more ... | undefined; } | ... 12 more ... | { ...; })[], options?: { ...; } | undefined): PostgrestFilterBuilder<...>', gave the following error.
    Object literal may only specify known properties, and 'client_name' does not exist in type '({ assigned_to?: string | null | undefined; channel?: string | null | undefined; company?: string | null | undefined; context?: string | null | undefined; created_at?: string | null | undefined; ... 16 more ...; updated_at?: string | ... 1 more ... | undefined; } | ... 12 more ... | { ...; })[]'.
src/features/strategic/services/SocialMediaService.ts(128,19): error TS2769: No overload matches this call.
  Overload 1 of 2, '(relation: "users" | "leads" | "products" | "loss_reasons" | "pipeline_stages" | "conversations" | "messages" | "projects" | "team_chat_channels" | "goals" | "lead_activities" | "project_checklist_items" | "revision_history" | "team_chat_messages"): PostgrestQueryBuilder<...>', gave the following error.
    Argument of type '"social_media_clients"' is not assignable to parameter of type '"users" | "leads" | "products" | "loss_reasons" | "pipeline_stages" | "conversations" | "messages" | "projects" | "team_chat_channels" | "goals" | "lead_activities" | "project_checklist_items" | "revision_history" | "team_chat_messages"'.
  Overload 2 of 2, '(relation: never): PostgrestQueryBuilder<{ PostgrestVersion: "14.1"; }, { Tables: { conversations: { Row: { assigned_to: string | null; channel: string | null; company: string | null; context: string | null; ... 17 more ...; updated_at: string | null; }; Insert: { ...; }; Update: { ...; }; Relationships: [...]; }; ... 12 more ...; users: { ...; }; }; Views: {}; Functions: { ...; }; Enums: {}; CompositeTypes: {}; }, never, never, never>', gave the following error.
    Argument of type '"social_media_clients"' is not assignable to parameter of type 'never'.
src/features/strategic/services/SocialMediaService.ts(140,19): error TS2769: No overload matches this call.
  Overload 1 of 2, '(relation: "users" | "leads" | "products" | "loss_reasons" | "pipeline_stages" | "conversations" | "messages" | "projects" | "team_chat_channels" | "goals" | "lead_activities" | "project_checklist_items" | "revision_history" | "team_chat_messages"): PostgrestQueryBuilder<...>', gave the following error.
    Argument of type '"social_media_clients"' is not assignable to parameter of type '"users" | "leads" | "products" | "loss_reasons" | "pipeline_stages" | "conversations" | "messages" | "projects" | "team_chat_channels" | "goals" | "lead_activities" | "project_checklist_items" | "revision_history" | "team_chat_messages"'.
  Overload 2 of 2, '(relation: never): PostgrestQueryBuilder<{ PostgrestVersion: "14.1"; }, { Tables: { conversations: { Row: { assigned_to: string | null; channel: string | null; company: string | null; context: string | null; ... 17 more ...; updated_at: string | null; }; Insert: { ...; }; Update: { ...; }; Relationships: [...]; }; ... 12 more ...; users: { ...; }; }; Views: {}; Functions: { ...; }; Enums: {}; CompositeTypes: {}; }, never, never, never>', gave the following error.
    Argument of type '"social_media_clients"' is not assignable to parameter of type 'never'.
src/features/strategic/services/SocialMediaService.ts(153,19): error TS2769: No overload matches this call.
  Overload 1 of 2, '(relation: "users" | "leads" | "products" | "loss_reasons" | "pipeline_stages" | "conversations" | "messages" | "projects" | "team_chat_channels" | "goals" | "lead_activities" | "project_checklist_items" | "revision_history" | "team_chat_messages"): PostgrestQueryBuilder<...>', gave the following error.
    Argument of type '"social_media_posts"' is not assignable to parameter of type '"users" | "leads" | "products" | "loss_reasons" | "pipeline_stages" | "conversations" | "messages" | "projects" | "team_chat_channels" | "goals" | "lead_activities" | "project_checklist_items" | "revision_history" | "team_chat_messages"'.
  Overload 2 of 2, '(relation: never): PostgrestQueryBuilder<{ PostgrestVersion: "14.1"; }, { Tables: { conversations: { Row: { assigned_to: string | null; channel: string | null; company: string | null; context: string | null; ... 17 more ...; updated_at: string | null; }; Insert: { ...; }; Update: { ...; }; Relationships: [...]; }; ... 12 more ...; users: { ...; }; }; Views: {}; Functions: { ...; }; Enums: {}; CompositeTypes: {}; }, never, never, never>', gave the following error.
    Argument of type '"social_media_posts"' is not assignable to parameter of type 'never'.
src/features/strategic/services/SocialMediaService.ts(171,27): error TS2769: No overload matches this call.
  Overload 1 of 2, '(relation: "users" | "leads" | "products" | "loss_reasons" | "pipeline_stages" | "conversations" | "messages" | "projects" | "team_chat_channels" | "goals" | "lead_activities" | "project_checklist_items" | "revision_history" | "team_chat_messages"): PostgrestQueryBuilder<...>', gave the following error.
    Argument of type '"social_media_posts"' is not assignable to parameter of type '"users" | "leads" | "products" | "loss_reasons" | "pipeline_stages" | "conversations" | "messages" | "projects" | "team_chat_channels" | "goals" | "lead_activities" | "project_checklist_items" | "revision_history" | "team_chat_messages"'.
  Overload 2 of 2, '(relation: never): PostgrestQueryBuilder<{ PostgrestVersion: "14.1"; }, { Tables: { conversations: { Row: { assigned_to: string | null; channel: string | null; company: string | null; context: string | null; ... 17 more ...; updated_at: string | null; }; Insert: { ...; }; Update: { ...; }; Relationships: [...]; }; ... 12 more ...; users: { ...; }; }; Views: {}; Functions: { ...; }; Enums: {}; CompositeTypes: {}; }, never, never, never>', gave the following error.
    Argument of type '"social_media_posts"' is not assignable to parameter of type 'never'.
src/features/strategic/services/SocialMediaService.ts(191,19): error TS2769: No overload matches this call.
  Overload 1 of 2, '(relation: "users" | "leads" | "products" | "loss_reasons" | "pipeline_stages" | "conversations" | "messages" | "projects" | "team_chat_channels" | "goals" | "lead_activities" | "project_checklist_items" | "revision_history" | "team_chat_messages"): PostgrestQueryBuilder<...>', gave the following error.
    Argument of type '"social_media_posts"' is not assignable to parameter of type '"users" | "leads" | "products" | "loss_reasons" | "pipeline_stages" | "conversations" | "messages" | "projects" | "team_chat_channels" | "goals" | "lead_activities" | "project_checklist_items" | "revision_history" | "team_chat_messages"'.
  Overload 2 of 2, '(relation: never): PostgrestQueryBuilder<{ PostgrestVersion: "14.1"; }, { Tables: { conversations: { Row: { assigned_to: string | null; channel: string | null; company: string | null; context: string | null; ... 17 more ...; updated_at: string | null; }; Insert: { ...; }; Update: { ...; }; Relationships: [...]; }; ... 12 more ...; users: { ...; }; }; Views: {}; Functions: { ...; }; Enums: {}; CompositeTypes: {}; }, never, never, never>', gave the following error.
    Argument of type '"social_media_posts"' is not assignable to parameter of type 'never'.
src/features/strategic/services/SocialMediaService.ts(193,17): error TS2769: No overload matches this call.
  Overload 1 of 2, '(values: { assigned_to?: string | null | undefined; channel?: string | null | undefined; company?: string | null | undefined; context?: string | null | undefined; created_at?: string | null | undefined; ... 16 more ...; updated_at?: string | ... 1 more ... | undefined; } | ... 12 more ... | { ...; }, options?: { ...; } | undefined): PostgrestFilterBuilder<...>', gave the following error.
    Object literal may only specify known properties, and 'client_id' does not exist in type '{ assigned_to?: string | null | undefined; channel?: string | null | undefined; company?: string | null | undefined; context?: string | null | undefined; created_at?: string | null | undefined; ... 16 more ...; updated_at?: string | ... 1 more ... | undefined; } | ... 12 more ... | { ...; }'.
  Overload 2 of 2, '(values: ({ assigned_to?: string | null | undefined; channel?: string | null | undefined; company?: string | null | undefined; context?: string | null | undefined; created_at?: string | null | undefined; ... 16 more ...; updated_at?: string | ... 1 more ... | undefined; } | ... 12 more ... | { ...; })[], options?: { ...; } | undefined): PostgrestFilterBuilder<...>', gave the following error.
    Object literal may only specify known properties, and 'client_id' does not exist in type '({ assigned_to?: string | null | undefined; channel?: string | null | undefined; company?: string | null | undefined; context?: string | null | undefined; created_at?: string | null | undefined; ... 16 more ...; updated_at?: string | ... 1 more ... | undefined; } | ... 12 more ... | { ...; })[]'.
src/features/strategic/services/SocialMediaService.ts(214,19): error TS2769: No overload matches this call.
  Overload 1 of 2, '(relation: "users" | "leads" | "products" | "loss_reasons" | "pipeline_stages" | "conversations" | "messages" | "projects" | "team_chat_channels" | "goals" | "lead_activities" | "project_checklist_items" | "revision_history" | "team_chat_messages"): PostgrestQueryBuilder<...>', gave the following error.
    Argument of type '"social_media_posts"' is not assignable to parameter of type '"users" | "leads" | "products" | "loss_reasons" | "pipeline_stages" | "conversations" | "messages" | "projects" | "team_chat_channels" | "goals" | "lead_activities" | "project_checklist_items" | "revision_history" | "team_chat_messages"'.
  Overload 2 of 2, '(relation: never): PostgrestQueryBuilder<{ PostgrestVersion: "14.1"; }, { Tables: { conversations: { Row: { assigned_to: string | null; channel: string | null; company: string | null; context: string | null; ... 17 more ...; updated_at: string | null; }; Insert: { ...; }; Update: { ...; }; Relationships: [...]; }; ... 12 more ...; users: { ...; }; }; Views: {}; Functions: { ...; }; Enums: {}; CompositeTypes: {}; }, never, never, never>', gave the following error.
    Argument of type '"social_media_posts"' is not assignable to parameter of type 'never'.
src/features/strategic/services/SocialMediaService.ts(227,19): error TS2769: No overload matches this call.
  Overload 1 of 2, '(relation: "users" | "leads" | "products" | "loss_reasons" | "pipeline_stages" | "conversations" | "messages" | "projects" | "team_chat_channels" | "goals" | "lead_activities" | "project_checklist_items" | "revision_history" | "team_chat_messages"): PostgrestQueryBuilder<...>', gave the following error.
    Argument of type '"social_media_posts"' is not assignable to parameter of type '"users" | "leads" | "products" | "loss_reasons" | "pipeline_stages" | "conversations" | "messages" | "projects" | "team_chat_channels" | "goals" | "lead_activities" | "project_checklist_items" | "revision_history" | "team_chat_messages"'.
  Overload 2 of 2, '(relation: never): PostgrestQueryBuilder<{ PostgrestVersion: "14.1"; }, { Tables: { conversations: { Row: { assigned_to: string | null; channel: string | null; company: string | null; context: string | null; ... 17 more ...; updated_at: string | null; }; Insert: { ...; }; Update: { ...; }; Relationships: [...]; }; ... 12 more ...; users: { ...; }; }; Views: {}; Functions: { ...; }; Enums: {}; CompositeTypes: {}; }, never, never, never>', gave the following error.
    Argument of type '"social_media_posts"' is not assignable to parameter of type 'never'.
src/features/strategic/services/StrategicProjectsService.ts(84,31): error TS2769: No overload matches this call.
  Overload 1 of 2, '(relation: "users" | "leads" | "products" | "loss_reasons" | "pipeline_stages" | "conversations" | "messages" | "projects" | "team_chat_channels" | "goals" | "lead_activities" | "project_checklist_items" | "revision_history" | "team_chat_messages"): PostgrestQueryBuilder<...>', gave the following error.
    Argument of type '"strategic_projects"' is not assignable to parameter of type '"users" | "leads" | "products" | "loss_reasons" | "pipeline_stages" | "conversations" | "messages" | "projects" | "team_chat_channels" | "goals" | "lead_activities" | "project_checklist_items" | "revision_history" | "team_chat_messages"'.
  Overload 2 of 2, '(relation: never): PostgrestQueryBuilder<{ PostgrestVersion: "14.1"; }, { Tables: { conversations: { Row: { assigned_to: string | null; channel: string | null; company: string | null; context: string | null; ... 17 more ...; updated_at: string | null; }; Insert: { ...; }; Update: { ...; }; Relationships: [...]; }; ... 12 more ...; users: { ...; }; }; Views: {}; Functions: { ...; }; Enums: {}; CompositeTypes: {}; }, never, never, never>', gave the following error.
    Argument of type '"strategic_projects"' is not assignable to parameter of type 'never'.
src/features/strategic/services/StrategicProjectsService.ts(89,31): error TS2769: No overload matches this call.
  Overload 1 of 2, '(relation: "users" | "leads" | "products" | "loss_reasons" | "pipeline_stages" | "conversations" | "messages" | "projects" | "team_chat_channels" | "goals" | "lead_activities" | "project_checklist_items" | "revision_history" | "team_chat_messages"): PostgrestQueryBuilder<...>', gave the following error.
    Argument of type '"strategic_projects"' is not assignable to parameter of type '"users" | "leads" | "products" | "loss_reasons" | "pipeline_stages" | "conversations" | "messages" | "projects" | "team_chat_channels" | "goals" | "lead_activities" | "project_checklist_items" | "revision_history" | "team_chat_messages"'.
  Overload 2 of 2, '(relation: never): PostgrestQueryBuilder<{ PostgrestVersion: "14.1"; }, { Tables: { conversations: { Row: { assigned_to: string | null; channel: string | null; company: string | null; context: string | null; ... 17 more ...; updated_at: string | null; }; Insert: { ...; }; Update: { ...; }; Relationships: [...]; }; ... 12 more ...; users: { ...; }; }; Views: {}; Functions: { ...; }; Enums: {}; CompositeTypes: {}; }, never, never, never>', gave the following error.
    Argument of type '"strategic_projects"' is not assignable to parameter of type 'never'.
src/features/strategic/services/StrategicProjectsService.ts(139,27): error TS2769: No overload matches this call.
  Overload 1 of 2, '(relation: "users" | "leads" | "products" | "loss_reasons" | "pipeline_stages" | "conversations" | "messages" | "projects" | "team_chat_channels" | "goals" | "lead_activities" | "project_checklist_items" | "revision_history" | "team_chat_messages"): PostgrestQueryBuilder<...>', gave the following error.
    Argument of type '"strategic_tasks"' is not assignable to parameter of type '"users" | "leads" | "products" | "loss_reasons" | "pipeline_stages" | "conversations" | "messages" | "projects" | "team_chat_channels" | "goals" | "lead_activities" | "project_checklist_items" | "revision_history" | "team_chat_messages"'.
  Overload 2 of 2, '(relation: never): PostgrestQueryBuilder<{ PostgrestVersion: "14.1"; }, { Tables: { conversations: { Row: { assigned_to: string | null; channel: string | null; company: string | null; context: string | null; ... 17 more ...; updated_at: string | null; }; Insert: { ...; }; Update: { ...; }; Relationships: [...]; }; ... 12 more ...; users: { ...; }; }; Views: {}; Functions: { ...; }; Enums: {}; CompositeTypes: {}; }, never, never, never>', gave the following error.
    Argument of type '"strategic_tasks"' is not assignable to parameter of type 'never'.
src/features/strategic/services/StrategicProjectsService.ts(186,19): error TS2769: No overload matches this call.
  Overload 1 of 2, '(relation: "users" | "leads" | "products" | "loss_reasons" | "pipeline_stages" | "conversations" | "messages" | "projects" | "team_chat_channels" | "goals" | "lead_activities" | "project_checklist_items" | "revision_history" | "team_chat_messages"): PostgrestQueryBuilder<...>', gave the following error.
    Argument of type '"strategic_projects"' is not assignable to parameter of type '"users" | "leads" | "products" | "loss_reasons" | "pipeline_stages" | "conversations" | "messages" | "projects" | "team_chat_channels" | "goals" | "lead_activities" | "project_checklist_items" | "revision_history" | "team_chat_messages"'.
  Overload 2 of 2, '(relation: never): PostgrestQueryBuilder<{ PostgrestVersion: "14.1"; }, { Tables: { conversations: { Row: { assigned_to: string | null; channel: string | null; company: string | null; context: string | null; ... 17 more ...; updated_at: string | null; }; Insert: { ...; }; Update: { ...; }; Relationships: [...]; }; ... 12 more ...; users: { ...; }; }; Views: {}; Functions: { ...; }; Enums: {}; CompositeTypes: {}; }, never, never, never>', gave the following error.
    Argument of type '"strategic_projects"' is not assignable to parameter of type 'never'.
src/features/strategic/services/StrategicProjectsService.ts(188,17): error TS2769: No overload matches this call.
  Overload 1 of 2, '(values: { assigned_to?: string | null | undefined; channel?: string | null | undefined; company?: string | null | undefined; context?: string | null | undefined; created_at?: string | null | undefined; ... 16 more ...; updated_at?: string | ... 1 more ... | undefined; } | ... 12 more ... | { ...; }, options?: { ...; } | undefined): PostgrestFilterBuilder<...>', gave the following error.
    Object literal may only specify known properties, and 'title' does not exist in type '{ assigned_to?: string | null | undefined; channel?: string | null | undefined; company?: string | null | undefined; context?: string | null | undefined; created_at?: string | null | undefined; ... 16 more ...; updated_at?: string | ... 1 more ... | undefined; } | ... 12 more ... | { ...; }'.
  Overload 2 of 2, '(values: ({ assigned_to?: string | null | undefined; channel?: string | null | undefined; company?: string | null | undefined; context?: string | null | undefined; created_at?: string | null | undefined; ... 16 more ...; updated_at?: string | ... 1 more ... | undefined; } | ... 12 more ... | { ...; })[], options?: { ...; } | undefined): PostgrestFilterBuilder<...>', gave the following error.
    Object literal may only specify known properties, and 'title' does not exist in type '({ assigned_to?: string | null | undefined; channel?: string | null | undefined; company?: string | null | undefined; context?: string | null | undefined; created_at?: string | null | undefined; ... 16 more ...; updated_at?: string | ... 1 more ... | undefined; } | ... 12 more ... | { ...; })[]'.
src/features/strategic/services/StrategicProjectsService.ts(215,19): error TS2769: No overload matches this call.
  Overload 1 of 2, '(relation: "users" | "leads" | "products" | "loss_reasons" | "pipeline_stages" | "conversations" | "messages" | "projects" | "team_chat_channels" | "goals" | "lead_activities" | "project_checklist_items" | "revision_history" | "team_chat_messages"): PostgrestQueryBuilder<...>', gave the following error.
    Argument of type '"strategic_projects"' is not assignable to parameter of type '"users" | "leads" | "products" | "loss_reasons" | "pipeline_stages" | "conversations" | "messages" | "projects" | "team_chat_channels" | "goals" | "lead_activities" | "project_checklist_items" | "revision_history" | "team_chat_messages"'.
  Overload 2 of 2, '(relation: never): PostgrestQueryBuilder<{ PostgrestVersion: "14.1"; }, { Tables: { conversations: { Row: { assigned_to: string | null; channel: string | null; company: string | null; context: string | null; ... 17 more ...; updated_at: string | null; }; Insert: { ...; }; Update: { ...; }; Relationships: [...]; }; ... 12 more ...; users: { ...; }; }; Views: {}; Functions: { ...; }; Enums: {}; CompositeTypes: {}; }, never, never, never>', gave the following error.
    Argument of type '"strategic_projects"' is not assignable to parameter of type 'never'.
src/features/strategic/services/StrategicProjectsService.ts(227,19): error TS2769: No overload matches this call.
  Overload 1 of 2, '(relation: "users" | "leads" | "products" | "loss_reasons" | "pipeline_stages" | "conversations" | "messages" | "projects" | "team_chat_channels" | "goals" | "lead_activities" | "project_checklist_items" | "revision_history" | "team_chat_messages"): PostgrestQueryBuilder<...>', gave the following error.
    Argument of type '"strategic_projects"' is not assignable to parameter of type '"users" | "leads" | "products" | "loss_reasons" | "pipeline_stages" | "conversations" | "messages" | "projects" | "team_chat_channels" | "goals" | "lead_activities" | "project_checklist_items" | "revision_history" | "team_chat_messages"'.
  Overload 2 of 2, '(relation: never): PostgrestQueryBuilder<{ PostgrestVersion: "14.1"; }, { Tables: { conversations: { Row: { assigned_to: string | null; channel: string | null; company: string | null; context: string | null; ... 17 more ...; updated_at: string | null; }; Insert: { ...; }; Update: { ...; }; Relationships: [...]; }; ... 12 more ...; users: { ...; }; }; Views: {}; Functions: { ...; }; Enums: {}; CompositeTypes: {}; }, never, never, never>', gave the following error.
    Argument of type '"strategic_projects"' is not assignable to parameter of type 'never'.
src/features/strategic/services/StrategicProjectsService.ts(249,19): error TS2769: No overload matches this call.
  Overload 1 of 2, '(relation: "users" | "leads" | "products" | "loss_reasons" | "pipeline_stages" | "conversations" | "messages" | "projects" | "team_chat_channels" | "goals" | "lead_activities" | "project_checklist_items" | "revision_history" | "team_chat_messages"): PostgrestQueryBuilder<...>', gave the following error.
    Argument of type '"strategic_tasks"' is not assignable to parameter of type '"users" | "leads" | "products" | "loss_reasons" | "pipeline_stages" | "conversations" | "messages" | "projects" | "team_chat_channels" | "goals" | "lead_activities" | "project_checklist_items" | "revision_history" | "team_chat_messages"'.
  Overload 2 of 2, '(relation: never): PostgrestQueryBuilder<{ PostgrestVersion: "14.1"; }, { Tables: { conversations: { Row: { assigned_to: string | null; channel: string | null; company: string | null; context: string | null; ... 17 more ...; updated_at: string | null; }; Insert: { ...; }; Update: { ...; }; Relationships: [...]; }; ... 12 more ...; users: { ...; }; }; Views: {}; Functions: { ...; }; Enums: {}; CompositeTypes: {}; }, never, never, never>', gave the following error.
    Argument of type '"strategic_tasks"' is not assignable to parameter of type 'never'.
src/features/strategic/services/StrategicProjectsService.ts(250,14): error TS2769: No overload matches this call.
  Overload 1 of 2, '(values: { assigned_to?: string | null | undefined; channel?: string | null | undefined; company?: string | null | undefined; context?: string | null | undefined; created_at?: string | null | undefined; ... 16 more ...; updated_at?: string | ... 1 more ... | undefined; } | ... 12 more ... | { ...; }, options?: { ...; } | undefined): PostgrestFilterBuilder<...>', gave the following error.
    Object literal may only specify known properties, and 'title' does not exist in type '{ assigned_to?: string | null | undefined; channel?: string | null | undefined; company?: string | null | undefined; context?: string | null | undefined; created_at?: string | null | undefined; ... 16 more ...; updated_at?: string | ... 1 more ... | undefined; } | ... 12 more ... | { ...; }'.
  Overload 2 of 2, '(values: ({ assigned_to?: string | null | undefined; channel?: string | null | undefined; company?: string | null | undefined; context?: string | null | undefined; created_at?: string | null | undefined; ... 16 more ...; updated_at?: string | ... 1 more ... | undefined; } | ... 12 more ... | { ...; })[], options?: { ...; } | undefined): PostgrestFilterBuilder<...>', gave the following error.
    Object literal may only specify known properties, and 'project_id' does not exist in type '({ assigned_to?: string | null | undefined; channel?: string | null | undefined; company?: string | null | undefined; context?: string | null | undefined; created_at?: string | null | undefined; ... 16 more ...; updated_at?: string | ... 1 more ... | undefined; } | ... 12 more ... | { ...; })[]'.
src/features/strategic/services/StrategicProjectsService.ts(269,19): error TS2769: No overload matches this call.
  Overload 1 of 2, '(relation: "users" | "leads" | "products" | "loss_reasons" | "pipeline_stages" | "conversations" | "messages" | "projects" | "team_chat_channels" | "goals" | "lead_activities" | "project_checklist_items" | "revision_history" | "team_chat_messages"): PostgrestQueryBuilder<...>', gave the following error.
    Argument of type '"strategic_projects"' is not assignable to parameter of type '"users" | "leads" | "products" | "loss_reasons" | "pipeline_stages" | "conversations" | "messages" | "projects" | "team_chat_channels" | "goals" | "lead_activities" | "project_checklist_items" | "revision_history" | "team_chat_messages"'.
  Overload 2 of 2, '(relation: never): PostgrestQueryBuilder<{ PostgrestVersion: "14.1"; }, { Tables: { conversations: { Row: { assigned_to: string | null; channel: string | null; company: string | null; context: string | null; ... 17 more ...; updated_at: string | null; }; Insert: { ...; }; Update: { ...; }; Relationships: [...]; }; ... 12 more ...; users: { ...; }; }; Views: {}; Functions: { ...; }; Enums: {}; CompositeTypes: {}; }, never, never, never>', gave the following error.
    Argument of type '"strategic_projects"' is not assignable to parameter of type 'never'.
src/features/strategic/services/StrategicProjectsService.ts(296,19): error TS2769: No overload matches this call.
  Overload 1 of 2, '(relation: "users" | "leads" | "products" | "loss_reasons" | "pipeline_stages" | "conversations" | "messages" | "projects" | "team_chat_channels" | "goals" | "lead_activities" | "project_checklist_items" | "revision_history" | "team_chat_messages"): PostgrestQueryBuilder<...>', gave the following error.
    Argument of type '"strategic_tasks"' is not assignable to parameter of type '"users" | "leads" | "products" | "loss_reasons" | "pipeline_stages" | "conversations" | "messages" | "projects" | "team_chat_channels" | "goals" | "lead_activities" | "project_checklist_items" | "revision_history" | "team_chat_messages"'.
  Overload 2 of 2, '(relation: never): PostgrestQueryBuilder<{ PostgrestVersion: "14.1"; }, { Tables: { conversations: { Row: { assigned_to: string | null; channel: string | null; company: string | null; context: string | null; ... 17 more ...; updated_at: string | null; }; Insert: { ...; }; Update: { ...; }; Relationships: [...]; }; ... 12 more ...; users: { ...; }; }; Views: {}; Functions: { ...; }; Enums: {}; CompositeTypes: {}; }, never, never, never>', gave the following error.
    Argument of type '"strategic_tasks"' is not assignable to parameter of type 'never'.
src/features/strategic/services/StrategicProjectsService.ts(305,19): error TS2769: No overload matches this call.
  Overload 1 of 2, '(relation: "users" | "leads" | "products" | "loss_reasons" | "pipeline_stages" | "conversations" | "messages" | "projects" | "team_chat_channels" | "goals" | "lead_activities" | "project_checklist_items" | "revision_history" | "team_chat_messages"): PostgrestQueryBuilder<...>', gave the following error.
    Argument of type '"strategic_projects"' is not assignable to parameter of type '"users" | "leads" | "products" | "loss_reasons" | "pipeline_stages" | "conversations" | "messages" | "projects" | "team_chat_channels" | "goals" | "lead_activities" | "project_checklist_items" | "revision_history" | "team_chat_messages"'.
  Overload 2 of 2, '(relation: never): PostgrestQueryBuilder<{ PostgrestVersion: "14.1"; }, { Tables: { conversations: { Row: { assigned_to: string | null; channel: string | null; company: string | null; context: string | null; ... 17 more ...; updated_at: string | null; }; Insert: { ...; }; Update: { ...; }; Relationships: [...]; }; ... 12 more ...; users: { ...; }; }; Views: {}; Functions: { ...; }; Enums: {}; CompositeTypes: {}; }, never, never, never>', gave the following error.
    Argument of type '"strategic_projects"' is not assignable to parameter of type 'never'.
src/features/strategic/services/StrategicProjectsService.ts(315,19): error TS2769: No overload matches this call.
  Overload 1 of 2, '(relation: "users" | "leads" | "products" | "loss_reasons" | "pipeline_stages" | "conversations" | "messages" | "projects" | "team_chat_channels" | "goals" | "lead_activities" | "project_checklist_items" | "revision_history" | "team_chat_messages"): PostgrestQueryBuilder<...>', gave the following error.
    Argument of type '"strategic_tasks"' is not assignable to parameter of type '"users" | "leads" | "products" | "loss_reasons" | "pipeline_stages" | "conversations" | "messages" | "projects" | "team_chat_channels" | "goals" | "lead_activities" | "project_checklist_items" | "revision_history" | "team_chat_messages"'.
  Overload 2 of 2, '(relation: never): PostgrestQueryBuilder<{ PostgrestVersion: "14.1"; }, { Tables: { conversations: { Row: { assigned_to: string | null; channel: string | null; company: string | null; context: string | null; ... 17 more ...; updated_at: string | null; }; Insert: { ...; }; Update: { ...; }; Relationships: [...]; }; ... 12 more ...; users: { ...; }; }; Views: {}; Functions: { ...; }; Enums: {}; CompositeTypes: {}; }, never, never, never>', gave the following error.
    Argument of type '"strategic_tasks"' is not assignable to parameter of type 'never'.
src/features/strategic/services/StrategicProjectsService.ts(324,19): error TS2769: No overload matches this call.
  Overload 1 of 2, '(relation: "users" | "leads" | "products" | "loss_reasons" | "pipeline_stages" | "conversations" | "messages" | "projects" | "team_chat_channels" | "goals" | "lead_activities" | "project_checklist_items" | "revision_history" | "team_chat_messages"): PostgrestQueryBuilder<...>', gave the following error.
    Argument of type '"strategic_projects"' is not assignable to parameter of type '"users" | "leads" | "products" | "loss_reasons" | "pipeline_stages" | "conversations" | "messages" | "projects" | "team_chat_channels" | "goals" | "lead_activities" | "project_checklist_items" | "revision_history" | "team_chat_messages"'.
  Overload 2 of 2, '(relation: never): PostgrestQueryBuilder<{ PostgrestVersion: "14.1"; }, { Tables: { conversations: { Row: { assigned_to: string | null; channel: string | null; company: string | null; context: string | null; ... 17 more ...; updated_at: string | null; }; Insert: { ...; }; Update: { ...; }; Relationships: [...]; }; ... 12 more ...; users: { ...; }; }; Views: {}; Functions: { ...; }; Enums: {}; CompositeTypes: {}; }, never, never, never>', gave the following error.
    Argument of type '"strategic_projects"' is not assignable to parameter of type 'never'.
src/features/strategic/services/StrategicProjectsService.ts(334,19): error TS2769: No overload matches this call.
  Overload 1 of 2, '(relation: "users" | "leads" | "products" | "loss_reasons" | "pipeline_stages" | "conversations" | "messages" | "projects" | "team_chat_channels" | "goals" | "lead_activities" | "project_checklist_items" | "revision_history" | "team_chat_messages"): PostgrestQueryBuilder<...>', gave the following error.
    Argument of type '"task_comments"' is not assignable to parameter of type '"users" | "leads" | "products" | "loss_reasons" | "pipeline_stages" | "conversations" | "messages" | "projects" | "team_chat_channels" | "goals" | "lead_activities" | "project_checklist_items" | "revision_history" | "team_chat_messages"'.
  Overload 2 of 2, '(relation: never): PostgrestQueryBuilder<{ PostgrestVersion: "14.1"; }, { Tables: { conversations: { Row: { assigned_to: string | null; channel: string | null; company: string | null; context: string | null; ... 17 more ...; updated_at: string | null; }; Insert: { ...; }; Update: { ...; }; Relationships: [...]; }; ... 12 more ...; users: { ...; }; }; Views: {}; Functions: { ...; }; Enums: {}; CompositeTypes: {}; }, never, never, never>', gave the following error.
    Argument of type '"task_comments"' is not assignable to parameter of type 'never'.
src/features/strategic/services/StrategicProjectsService.ts(335,14): error TS2769: No overload matches this call.
  Overload 1 of 2, '(values: { assigned_to?: string | null | undefined; channel?: string | null | undefined; company?: string | null | undefined; context?: string | null | undefined; created_at?: string | null | undefined; ... 16 more ...; updated_at?: string | ... 1 more ... | undefined; } | ... 12 more ... | { ...; }, options?: { ...; } | undefined): PostgrestFilterBuilder<...>', gave the following error.
    Object literal may only specify known properties, and 'task_id' does not exist in type '{ assigned_to?: string | null | undefined; channel?: string | null | undefined; company?: string | null | undefined; context?: string | null | undefined; created_at?: string | null | undefined; ... 16 more ...; updated_at?: string | ... 1 more ... | undefined; } | ... 12 more ... | { ...; }'.
  Overload 2 of 2, '(values: ({ assigned_to?: string | null | undefined; channel?: string | null | undefined; company?: string | null | undefined; context?: string | null | undefined; created_at?: string | null | undefined; ... 16 more ...; updated_at?: string | ... 1 more ... | undefined; } | ... 12 more ... | { ...; })[], options?: { ...; } | undefined): PostgrestFilterBuilder<...>', gave the following error.
    Object literal may only specify known properties, and 'project_id' does not exist in type '({ assigned_to?: string | null | undefined; channel?: string | null | undefined; company?: string | null | undefined; context?: string | null | undefined; created_at?: string | null | undefined; ... 16 more ...; updated_at?: string | ... 1 more ... | undefined; } | ... 12 more ... | { ...; })[]'.
src/features/strategic/services/StrategicProjectsService.ts(355,23): error TS2769: No overload matches this call.
  Overload 1 of 2, '(relation: "users" | "leads" | "products" | "loss_reasons" | "pipeline_stages" | "conversations" | "messages" | "projects" | "team_chat_channels" | "goals" | "lead_activities" | "project_checklist_items" | "revision_history" | "team_chat_messages"): PostgrestQueryBuilder<...>', gave the following error.
    Argument of type '"task_comments"' is not assignable to parameter of type '"users" | "leads" | "products" | "loss_reasons" | "pipeline_stages" | "conversations" | "messages" | "projects" | "team_chat_channels" | "goals" | "lead_activities" | "project_checklist_items" | "revision_history" | "team_chat_messages"'.
  Overload 2 of 2, '(relation: never): PostgrestQueryBuilder<{ PostgrestVersion: "14.1"; }, { Tables: { conversations: { Row: { assigned_to: string | null; channel: string | null; company: string | null; context: string | null; ... 17 more ...; updated_at: string | null; }; Insert: { ...; }; Update: { ...; }; Relationships: [...]; }; ... 12 more ...; users: { ...; }; }; Views: {}; Functions: { ...; }; Enums: {}; CompositeTypes: {}; }, never, never, never>', gave the following error.
    Argument of type '"task_comments"' is not assignable to parameter of type 'never'.
src/features/strategic/stores/useNotesStore.ts(226,56): error TS2339: Property 'oderId' does not exist on type 'EditorPresence'.
